2023-08-13 16:03:57,666 [Worker-3: Loading available Gradle versions] INFO  o.e.b.c.i.u.g.PublishedGradleVersions - Gradle version information cache is up-to-date. Trying to read.
2023-08-13 16:04:52,099 [Worker-0: Building] INFO  o.e.m.c.i.l.LifecycleMappingFactory - Using org.eclipse.m2e.jdt.JarLifecycleMapping lifecycle mapping for MavenProject: com.asignacion:espacios:0.0.1-SNAPSHOT @ D:\Proyectos\espacios\espacios\pom.xml.
2023-08-13 16:04:57,016 [Worker-0: Building] INFO  o.e.m.c.i.embedder.EclipseLogger - Using 'UTF-8' encoding to copy filtered resources.
2023-08-13 16:04:57,033 [Worker-0: Building] INFO  o.e.m.c.i.embedder.EclipseLogger - Copying 1 resource
2023-08-13 16:04:57,097 [Worker-0: Building] INFO  o.e.m.c.i.embedder.EclipseLogger - Copying 1778 resources
2023-08-13 16:04:57,221 [Worker-5: Updating Maven Dependencies] INFO  o.e.m.c.i.l.LifecycleMappingFactory - Using org.eclipse.m2e.jdt.JarLifecycleMapping lifecycle mapping for MavenProject: com.asignacion:espacios:0.0.1-SNAPSHOT @ D:\Proyectos\espacios\espacios\pom.xml.
2023-08-16 18:55:56,209 [Worker-0: Building] INFO  o.e.m.c.i.embedder.EclipseLogger - Using 'UTF-8' encoding to copy filtered resources.
2023-08-16 18:55:56,210 [Worker-0: Building] INFO  o.e.m.c.i.embedder.EclipseLogger - skip non existing resourceDirectory D:\Proyectos\espacios\espacios\src\test\resources
2023-08-16 18:56:01,933 [Worker-0: Building] INFO  o.e.m.c.i.embedder.EclipseLogger - Using 'UTF-8' encoding to copy filtered resources.
2023-08-16 18:56:02,002 [Worker-0: Building] INFO  o.e.m.c.i.embedder.EclipseLogger - Copying 1 resource
2023-08-16 18:56:02,059 [Worker-0: Building] INFO  o.e.m.c.i.embedder.EclipseLogger - Copying 1778 resources
2023-08-16 18:56:07,747 [Worker-0: Building] INFO  o.e.m.c.i.embedder.EclipseLogger - Using 'UTF-8' encoding to copy filtered resources.
2023-08-16 18:56:07,747 [Worker-0: Building] INFO  o.e.m.c.i.embedder.EclipseLogger - skip non existing resourceDirectory D:\Proyectos\espacios\espacios\src\test\resources
2023-08-17 18:11:15,139 [Worker-16: Building] INFO  o.e.m.c.i.embedder.EclipseLogger - Using 'UTF-8' encoding to copy filtered resources.
2023-08-17 18:11:15,139 [Worker-16: Building] INFO  o.e.m.c.i.embedder.EclipseLogger - Copying 0 resource
2023-08-17 18:11:15,139 [Worker-16: Building] INFO  o.e.m.c.i.embedder.EclipseLogger - Copying 0 resource
2023-08-17 18:11:15,142 [Worker-16: Building] INFO  o.e.m.c.i.embedder.EclipseLogger - Using 'UTF-8' encoding to copy filtered resources.
2023-08-17 18:11:15,142 [Worker-16: Building] INFO  o.e.m.c.i.embedder.EclipseLogger - skip non existing resourceDirectory D:\Proyectos\espacios\espacios\src\test\resources
2023-08-17 18:21:23,348 [Worker-20: Retrieving catalog resource] INFO  o.a.h.c.h.i.c.HttpRequestRetryExec - Recoverable I/O exception (org.apache.hc.core5.http.NoHttpResponseException) caught when processing request to {s}->https://marketplace.eclipse.org:443
2023-08-17 18:34:05,312 [Worker-35: Building] INFO  o.e.m.c.i.embedder.EclipseLogger - Using 'UTF-8' encoding to copy filtered resources.
2023-08-17 18:34:05,437 [Worker-35: Building] INFO  o.e.m.c.i.embedder.EclipseLogger - Copying 1 resource
2023-08-17 18:34:05,541 [Worker-35: Building] INFO  o.e.m.c.i.embedder.EclipseLogger - Copying 1778 resources
2023-08-17 18:34:05,806 [Worker-35: Building] INFO  o.e.m.c.i.embedder.EclipseLogger - Using 'UTF-8' encoding to copy filtered resources.
2023-08-17 18:34:05,807 [Worker-35: Building] INFO  o.e.m.c.i.embedder.EclipseLogger - skip non existing resourceDirectory D:\Proyectos\espacios\espacios\src\test\resources
2023-08-17 18:39:49,616 [Worker-50: Building] INFO  o.e.m.c.i.embedder.EclipseLogger - Using 'UTF-8' encoding to copy filtered resources.
2023-08-17 18:39:49,660 [Worker-50: Building] INFO  o.e.m.c.i.embedder.EclipseLogger - Copying 1 resource
2023-08-17 18:39:49,708 [Worker-50: Building] INFO  o.e.m.c.i.embedder.EclipseLogger - Copying 1778 resources
2023-08-17 18:39:49,894 [Worker-50: Building] INFO  o.e.m.c.i.embedder.EclipseLogger - Using 'UTF-8' encoding to copy filtered resources.
2023-08-17 18:39:49,896 [Worker-50: Building] INFO  o.e.m.c.i.embedder.EclipseLogger - skip non existing resourceDirectory D:\Proyectos\espacios\espacios\src\test\resources
2023-08-17 18:40:11,614 [Worker-49: Building] INFO  o.e.m.c.i.embedder.EclipseLogger - Using 'UTF-8' encoding to copy filtered resources.
2023-08-17 18:40:11,677 [Worker-49: Building] INFO  o.e.m.c.i.embedder.EclipseLogger - Copying 1 resource
2023-08-17 18:40:11,745 [Worker-49: Building] INFO  o.e.m.c.i.embedder.EclipseLogger - Copying 1778 resources
2023-08-17 18:40:11,857 [Worker-49: Building] INFO  o.e.m.c.i.embedder.EclipseLogger - Using 'UTF-8' encoding to copy filtered resources.
2023-08-17 18:40:11,858 [Worker-49: Building] INFO  o.e.m.c.i.embedder.EclipseLogger - skip non existing resourceDirectory D:\Proyectos\espacios\espacios\src\test\resources
2023-08-17 18:40:39,286 [Worker-44: Building] INFO  o.e.m.c.i.embedder.EclipseLogger - Using 'UTF-8' encoding to copy filtered resources.
2023-08-17 18:40:39,349 [Worker-44: Building] INFO  o.e.m.c.i.embedder.EclipseLogger - Copying 1 resource
2023-08-17 18:40:39,451 [Worker-44: Building] INFO  o.e.m.c.i.embedder.EclipseLogger - Copying 1778 resources
2023-08-17 18:40:39,627 [Worker-44: Building] INFO  o.e.m.c.i.embedder.EclipseLogger - Using 'UTF-8' encoding to copy filtered resources.
2023-08-17 18:40:39,628 [Worker-44: Building] INFO  o.e.m.c.i.embedder.EclipseLogger - skip non existing resourceDirectory D:\Proyectos\espacios\espacios\src\test\resources
2023-08-17 18:41:02,656 [Worker-50: Building] INFO  o.e.m.c.i.embedder.EclipseLogger - Using 'UTF-8' encoding to copy filtered resources.
2023-08-17 18:41:02,728 [Worker-50: Building] INFO  o.e.m.c.i.embedder.EclipseLogger - Copying 1 resource
2023-08-17 18:41:02,807 [Worker-50: Building] INFO  o.e.m.c.i.embedder.EclipseLogger - Copying 1778 resources
2023-08-17 18:41:02,960 [Worker-50: Building] INFO  o.e.m.c.i.embedder.EclipseLogger - Using 'UTF-8' encoding to copy filtered resources.
2023-08-17 18:41:02,960 [Worker-50: Building] INFO  o.e.m.c.i.embedder.EclipseLogger - skip non existing resourceDirectory D:\Proyectos\espacios\espacios\src\test\resources
2023-08-17 18:42:54,984 [Worker-49: Building] INFO  o.e.m.c.i.embedder.EclipseLogger - Using 'UTF-8' encoding to copy filtered resources.
2023-08-17 18:42:55,039 [Worker-49: Building] INFO  o.e.m.c.i.embedder.EclipseLogger - Copying 1 resource
2023-08-17 18:42:55,106 [Worker-49: Building] INFO  o.e.m.c.i.embedder.EclipseLogger - Copying 1778 resources
2023-08-17 18:42:55,261 [Worker-49: Building] INFO  o.e.m.c.i.embedder.EclipseLogger - Using 'UTF-8' encoding to copy filtered resources.
2023-08-17 18:42:55,261 [Worker-49: Building] INFO  o.e.m.c.i.embedder.EclipseLogger - skip non existing resourceDirectory D:\Proyectos\espacios\espacios\src\test\resources
2023-08-17 18:45:29,017 [Worker-48: Building] INFO  o.e.m.c.i.embedder.EclipseLogger - Using 'UTF-8' encoding to copy filtered resources.
2023-08-17 18:45:29,073 [Worker-48: Building] INFO  o.e.m.c.i.embedder.EclipseLogger - Copying 1 resource
2023-08-17 18:45:29,163 [Worker-48: Building] INFO  o.e.m.c.i.embedder.EclipseLogger - Copying 1778 resources
2023-08-17 18:45:29,278 [Worker-48: Building] INFO  o.e.m.c.i.embedder.EclipseLogger - Using 'UTF-8' encoding to copy filtered resources.
2023-08-17 18:45:29,279 [Worker-48: Building] INFO  o.e.m.c.i.embedder.EclipseLogger - skip non existing resourceDirectory D:\Proyectos\espacios\espacios\src\test\resources
2023-08-17 18:45:36,415 [Worker-49: Building] INFO  o.e.m.c.i.embedder.EclipseLogger - Using 'UTF-8' encoding to copy filtered resources.
2023-08-17 18:45:36,466 [Worker-49: Building] INFO  o.e.m.c.i.embedder.EclipseLogger - Copying 1 resource
2023-08-17 18:45:36,522 [Worker-49: Building] INFO  o.e.m.c.i.embedder.EclipseLogger - Copying 1778 resources
2023-08-17 18:45:36,724 [Worker-49: Building] INFO  o.e.m.c.i.embedder.EclipseLogger - Using 'UTF-8' encoding to copy filtered resources.
2023-08-17 18:45:36,724 [Worker-49: Building] INFO  o.e.m.c.i.embedder.EclipseLogger - skip non existing resourceDirectory D:\Proyectos\espacios\espacios\src\test\resources
2023-08-17 18:46:56,341 [Worker-48: Building] INFO  o.e.m.c.i.embedder.EclipseLogger - Using 'UTF-8' encoding to copy filtered resources.
2023-08-17 18:46:56,421 [Worker-48: Building] INFO  o.e.m.c.i.embedder.EclipseLogger - Copying 1 resource
2023-08-17 18:46:56,485 [Worker-48: Building] INFO  o.e.m.c.i.embedder.EclipseLogger - Copying 1778 resources
2023-08-17 18:46:56,615 [Worker-48: Building] INFO  o.e.m.c.i.embedder.EclipseLogger - Using 'UTF-8' encoding to copy filtered resources.
2023-08-17 18:46:56,615 [Worker-48: Building] INFO  o.e.m.c.i.embedder.EclipseLogger - skip non existing resourceDirectory D:\Proyectos\espacios\espacios\src\test\resources
2023-08-17 18:47:38,977 [Worker-50: Building] INFO  o.e.m.c.i.embedder.EclipseLogger - Using 'UTF-8' encoding to copy filtered resources.
2023-08-17 18:47:39,051 [Worker-50: Building] INFO  o.e.m.c.i.embedder.EclipseLogger - Copying 1 resource
2023-08-17 18:47:39,125 [Worker-50: Building] INFO  o.e.m.c.i.embedder.EclipseLogger - Copying 1778 resources
2023-08-17 18:47:39,295 [Worker-50: Building] INFO  o.e.m.c.i.embedder.EclipseLogger - Using 'UTF-8' encoding to copy filtered resources.
2023-08-17 18:47:39,296 [Worker-50: Building] INFO  o.e.m.c.i.embedder.EclipseLogger - skip non existing resourceDirectory D:\Proyectos\espacios\espacios\src\test\resources
2023-08-17 18:47:57,328 [Worker-44: Building] INFO  o.e.m.c.i.embedder.EclipseLogger - Using 'UTF-8' encoding to copy filtered resources.
2023-08-17 18:47:57,388 [Worker-44: Building] INFO  o.e.m.c.i.embedder.EclipseLogger - Copying 1 resource
2023-08-17 18:47:57,463 [Worker-44: Building] INFO  o.e.m.c.i.embedder.EclipseLogger - Copying 1778 resources
2023-08-17 18:47:57,621 [Worker-44: Building] INFO  o.e.m.c.i.embedder.EclipseLogger - Using 'UTF-8' encoding to copy filtered resources.
2023-08-17 18:47:57,621 [Worker-44: Building] INFO  o.e.m.c.i.embedder.EclipseLogger - skip non existing resourceDirectory D:\Proyectos\espacios\espacios\src\test\resources
2023-08-17 18:49:03,421 [Worker-48: Building] INFO  o.e.m.c.i.embedder.EclipseLogger - Using 'UTF-8' encoding to copy filtered resources.
2023-08-17 18:49:03,494 [Worker-48: Building] INFO  o.e.m.c.i.embedder.EclipseLogger - Copying 1 resource
2023-08-17 18:49:03,634 [Worker-48: Building] INFO  o.e.m.c.i.embedder.EclipseLogger - Copying 1778 resources
2023-08-17 18:49:03,861 [Worker-48: Building] INFO  o.e.m.c.i.embedder.EclipseLogger - Using 'UTF-8' encoding to copy filtered resources.
2023-08-17 18:49:03,861 [Worker-48: Building] INFO  o.e.m.c.i.embedder.EclipseLogger - skip non existing resourceDirectory D:\Proyectos\espacios\espacios\src\test\resources
2023-08-17 18:50:01,025 [Worker-44: Building] INFO  o.e.m.c.i.embedder.EclipseLogger - Using 'UTF-8' encoding to copy filtered resources.
2023-08-17 18:50:01,090 [Worker-44: Building] INFO  o.e.m.c.i.embedder.EclipseLogger - Copying 1 resource
2023-08-17 18:50:01,197 [Worker-44: Building] INFO  o.e.m.c.i.embedder.EclipseLogger - Copying 1778 resources
2023-08-17 18:50:01,382 [Worker-44: Building] INFO  o.e.m.c.i.embedder.EclipseLogger - Using 'UTF-8' encoding to copy filtered resources.
2023-08-17 18:50:01,383 [Worker-44: Building] INFO  o.e.m.c.i.embedder.EclipseLogger - skip non existing resourceDirectory D:\Proyectos\espacios\espacios\src\test\resources
2023-08-17 18:50:33,644 [Worker-49: Building] INFO  o.e.m.c.i.embedder.EclipseLogger - Using 'UTF-8' encoding to copy filtered resources.
2023-08-17 18:50:33,676 [Worker-49: Building] INFO  o.e.m.c.i.embedder.EclipseLogger - Copying 1 resource
2023-08-17 18:50:33,739 [Worker-49: Building] INFO  o.e.m.c.i.embedder.EclipseLogger - Copying 1778 resources
2023-08-17 18:50:33,883 [Worker-49: Building] INFO  o.e.m.c.i.embedder.EclipseLogger - Using 'UTF-8' encoding to copy filtered resources.
2023-08-17 18:50:33,883 [Worker-49: Building] INFO  o.e.m.c.i.embedder.EclipseLogger - skip non existing resourceDirectory D:\Proyectos\espacios\espacios\src\test\resources
2023-08-17 18:52:21,828 [Worker-52: Building] INFO  o.e.m.c.i.embedder.EclipseLogger - Using 'UTF-8' encoding to copy filtered resources.
2023-08-17 18:52:21,892 [Worker-52: Building] INFO  o.e.m.c.i.embedder.EclipseLogger - Copying 1 resource
2023-08-17 18:52:21,969 [Worker-52: Building] INFO  o.e.m.c.i.embedder.EclipseLogger - Copying 1778 resources
2023-08-17 18:52:22,190 [Worker-52: Building] INFO  o.e.m.c.i.embedder.EclipseLogger - Using 'UTF-8' encoding to copy filtered resources.
2023-08-17 18:52:22,192 [Worker-52: Building] INFO  o.e.m.c.i.embedder.EclipseLogger - skip non existing resourceDirectory D:\Proyectos\espacios\espacios\src\test\resources
2023-08-17 18:52:36,762 [Worker-51: Building] INFO  o.e.m.c.i.embedder.EclipseLogger - Using 'UTF-8' encoding to copy filtered resources.
2023-08-17 18:52:36,834 [Worker-51: Building] INFO  o.e.m.c.i.embedder.EclipseLogger - Copying 1 resource
2023-08-17 18:52:36,897 [Worker-51: Building] INFO  o.e.m.c.i.embedder.EclipseLogger - Copying 1778 resources
2023-08-17 18:52:37,033 [Worker-51: Building] INFO  o.e.m.c.i.embedder.EclipseLogger - Using 'UTF-8' encoding to copy filtered resources.
2023-08-17 18:52:37,034 [Worker-51: Building] INFO  o.e.m.c.i.embedder.EclipseLogger - skip non existing resourceDirectory D:\Proyectos\espacios\espacios\src\test\resources
2023-08-17 18:57:07,268 [Worker-53: Building] INFO  o.e.m.c.i.embedder.EclipseLogger - Using 'UTF-8' encoding to copy filtered resources.
2023-08-17 18:57:07,315 [Worker-53: Building] INFO  o.e.m.c.i.embedder.EclipseLogger - Copying 1 resource
2023-08-17 18:57:07,392 [Worker-53: Building] INFO  o.e.m.c.i.embedder.EclipseLogger - Copying 1778 resources
2023-08-17 18:57:07,521 [Worker-53: Building] INFO  o.e.m.c.i.embedder.EclipseLogger - Using 'UTF-8' encoding to copy filtered resources.
2023-08-17 18:57:07,521 [Worker-53: Building] INFO  o.e.m.c.i.embedder.EclipseLogger - skip non existing resourceDirectory D:\Proyectos\espacios\espacios\src\test\resources
2023-08-17 18:57:38,522 [Worker-54: Building] INFO  o.e.m.c.i.embedder.EclipseLogger - Using 'UTF-8' encoding to copy filtered resources.
2023-08-17 18:57:38,584 [Worker-54: Building] INFO  o.e.m.c.i.embedder.EclipseLogger - Copying 1 resource
2023-08-17 18:57:38,631 [Worker-54: Building] INFO  o.e.m.c.i.embedder.EclipseLogger - Copying 1778 resources
2023-08-17 18:57:38,784 [Worker-54: Building] INFO  o.e.m.c.i.embedder.EclipseLogger - Using 'UTF-8' encoding to copy filtered resources.
2023-08-17 18:57:38,785 [Worker-54: Building] INFO  o.e.m.c.i.embedder.EclipseLogger - skip non existing resourceDirectory D:\Proyectos\espacios\espacios\src\test\resources
2023-08-17 18:58:22,008 [Worker-51: Building] INFO  o.e.m.c.i.embedder.EclipseLogger - Using 'UTF-8' encoding to copy filtered resources.
2023-08-17 18:58:22,067 [Worker-51: Building] INFO  o.e.m.c.i.embedder.EclipseLogger - Copying 1 resource
2023-08-17 18:58:22,161 [Worker-51: Building] INFO  o.e.m.c.i.embedder.EclipseLogger - Copying 1778 resources
2023-08-17 18:58:22,344 [Worker-51: Building] INFO  o.e.m.c.i.embedder.EclipseLogger - Using 'UTF-8' encoding to copy filtered resources.
2023-08-17 18:58:22,344 [Worker-51: Building] INFO  o.e.m.c.i.embedder.EclipseLogger - skip non existing resourceDirectory D:\Proyectos\espacios\espacios\src\test\resources
2023-08-17 18:58:47,362 [Worker-57: Building] INFO  o.e.m.c.i.embedder.EclipseLogger - Using 'UTF-8' encoding to copy filtered resources.
2023-08-17 18:58:47,406 [Worker-57: Building] INFO  o.e.m.c.i.embedder.EclipseLogger - Copying 1 resource
2023-08-17 18:58:47,471 [Worker-57: Building] INFO  o.e.m.c.i.embedder.EclipseLogger - Copying 1778 resources
2023-08-17 18:58:47,629 [Worker-57: Building] INFO  o.e.m.c.i.embedder.EclipseLogger - Using 'UTF-8' encoding to copy filtered resources.
2023-08-17 18:58:47,629 [Worker-57: Building] INFO  o.e.m.c.i.embedder.EclipseLogger - skip non existing resourceDirectory D:\Proyectos\espacios\espacios\src\test\resources
2023-08-17 18:59:23,045 [Worker-51: Building] INFO  o.e.m.c.i.embedder.EclipseLogger - Using 'UTF-8' encoding to copy filtered resources.
2023-08-17 18:59:23,104 [Worker-51: Building] INFO  o.e.m.c.i.embedder.EclipseLogger - Copying 1 resource
2023-08-17 18:59:23,196 [Worker-51: Building] INFO  o.e.m.c.i.embedder.EclipseLogger - Copying 1778 resources
2023-08-17 18:59:23,408 [Worker-51: Building] INFO  o.e.m.c.i.embedder.EclipseLogger - Using 'UTF-8' encoding to copy filtered resources.
2023-08-17 18:59:23,408 [Worker-51: Building] INFO  o.e.m.c.i.embedder.EclipseLogger - skip non existing resourceDirectory D:\Proyectos\espacios\espacios\src\test\resources
2023-08-17 19:00:41,020 [Worker-55: Building] INFO  o.e.m.c.i.embedder.EclipseLogger - Using 'UTF-8' encoding to copy filtered resources.
2023-08-17 19:00:41,088 [Worker-55: Building] INFO  o.e.m.c.i.embedder.EclipseLogger - Copying 1 resource
2023-08-17 19:00:41,149 [Worker-55: Building] INFO  o.e.m.c.i.embedder.EclipseLogger - Copying 1778 resources
2023-08-17 19:00:41,272 [Worker-55: Building] INFO  o.e.m.c.i.embedder.EclipseLogger - Using 'UTF-8' encoding to copy filtered resources.
2023-08-17 19:00:41,272 [Worker-55: Building] INFO  o.e.m.c.i.embedder.EclipseLogger - skip non existing resourceDirectory D:\Proyectos\espacios\espacios\src\test\resources
2023-08-17 19:00:52,423 [Worker-56: Building] INFO  o.e.m.c.i.embedder.EclipseLogger - Using 'UTF-8' encoding to copy filtered resources.
2023-08-17 19:00:52,454 [Worker-56: Building] INFO  o.e.m.c.i.embedder.EclipseLogger - Copying 1 resource
2023-08-17 19:00:52,480 [Worker-56: Building] INFO  o.e.m.c.i.embedder.EclipseLogger - Copying 1778 resources
2023-08-17 19:00:52,576 [Worker-56: Building] INFO  o.e.m.c.i.embedder.EclipseLogger - Using 'UTF-8' encoding to copy filtered resources.
2023-08-17 19:00:52,576 [Worker-56: Building] INFO  o.e.m.c.i.embedder.EclipseLogger - skip non existing resourceDirectory D:\Proyectos\espacios\espacios\src\test\resources
2023-08-17 19:03:56,047 [Worker-59: Building] INFO  o.e.m.c.i.embedder.EclipseLogger - Using 'UTF-8' encoding to copy filtered resources.
2023-08-17 19:03:56,121 [Worker-59: Building] INFO  o.e.m.c.i.embedder.EclipseLogger - Copying 1 resource
2023-08-17 19:03:56,229 [Worker-59: Building] INFO  o.e.m.c.i.embedder.EclipseLogger - Copying 1778 resources
2023-08-17 19:03:56,401 [Worker-59: Building] INFO  o.e.m.c.i.embedder.EclipseLogger - Using 'UTF-8' encoding to copy filtered resources.
2023-08-17 19:03:56,402 [Worker-59: Building] INFO  o.e.m.c.i.embedder.EclipseLogger - skip non existing resourceDirectory D:\Proyectos\espacios\espacios\src\test\resources
2023-08-17 19:04:46,212 [Worker-54: Building] INFO  o.e.m.c.i.embedder.EclipseLogger - Using 'UTF-8' encoding to copy filtered resources.
2023-08-17 19:04:46,260 [Worker-54: Building] INFO  o.e.m.c.i.embedder.EclipseLogger - Copying 1 resource
2023-08-17 19:04:46,312 [Worker-54: Building] INFO  o.e.m.c.i.embedder.EclipseLogger - Copying 1778 resources
2023-08-17 19:04:46,450 [Worker-54: Building] INFO  o.e.m.c.i.embedder.EclipseLogger - Using 'UTF-8' encoding to copy filtered resources.
2023-08-17 19:04:46,450 [Worker-54: Building] INFO  o.e.m.c.i.embedder.EclipseLogger - skip non existing resourceDirectory D:\Proyectos\espacios\espacios\src\test\resources
2023-08-17 19:05:49,412 [Worker-55: Building] INFO  o.e.m.c.i.embedder.EclipseLogger - Using 'UTF-8' encoding to copy filtered resources.
2023-08-17 19:05:49,464 [Worker-55: Building] INFO  o.e.m.c.i.embedder.EclipseLogger - Copying 1 resource
2023-08-17 19:05:49,531 [Worker-55: Building] INFO  o.e.m.c.i.embedder.EclipseLogger - Copying 1778 resources
2023-08-17 19:05:49,718 [Worker-55: Building] INFO  o.e.m.c.i.embedder.EclipseLogger - Using 'UTF-8' encoding to copy filtered resources.
2023-08-17 19:05:49,719 [Worker-55: Building] INFO  o.e.m.c.i.embedder.EclipseLogger - skip non existing resourceDirectory D:\Proyectos\espacios\espacios\src\test\resources
2023-08-17 19:06:40,229 [Worker-59: Building] INFO  o.e.m.c.i.embedder.EclipseLogger - Using 'UTF-8' encoding to copy filtered resources.
2023-08-17 19:06:40,273 [Worker-59: Building] INFO  o.e.m.c.i.embedder.EclipseLogger - Copying 1 resource
2023-08-17 19:06:40,330 [Worker-59: Building] INFO  o.e.m.c.i.embedder.EclipseLogger - Copying 1778 resources
2023-08-17 19:06:40,483 [Worker-59: Building] INFO  o.e.m.c.i.embedder.EclipseLogger - Using 'UTF-8' encoding to copy filtered resources.
2023-08-17 19:06:40,483 [Worker-59: Building] INFO  o.e.m.c.i.embedder.EclipseLogger - skip non existing resourceDirectory D:\Proyectos\espacios\espacios\src\test\resources
2023-08-17 19:09:34,713 [Worker-54: Building] INFO  o.e.m.c.i.embedder.EclipseLogger - Using 'UTF-8' encoding to copy filtered resources.
2023-08-17 19:09:34,778 [Worker-54: Building] INFO  o.e.m.c.i.embedder.EclipseLogger - Copying 1 resource
2023-08-17 19:09:34,858 [Worker-54: Building] INFO  o.e.m.c.i.embedder.EclipseLogger - Copying 1778 resources
2023-08-17 19:09:35,058 [Worker-54: Building] INFO  o.e.m.c.i.embedder.EclipseLogger - Using 'UTF-8' encoding to copy filtered resources.
2023-08-17 19:09:35,058 [Worker-54: Building] INFO  o.e.m.c.i.embedder.EclipseLogger - skip non existing resourceDirectory D:\Proyectos\espacios\espacios\src\test\resources
2023-08-17 19:11:02,261 [Worker-59: Building] INFO  o.e.m.c.i.embedder.EclipseLogger - Using 'UTF-8' encoding to copy filtered resources.
2023-08-17 19:11:02,318 [Worker-59: Building] INFO  o.e.m.c.i.embedder.EclipseLogger - Copying 1 resource
2023-08-17 19:11:02,385 [Worker-59: Building] INFO  o.e.m.c.i.embedder.EclipseLogger - Copying 1778 resources
2023-08-17 19:11:02,509 [Worker-59: Building] INFO  o.e.m.c.i.embedder.EclipseLogger - Using 'UTF-8' encoding to copy filtered resources.
2023-08-17 19:11:02,509 [Worker-59: Building] INFO  o.e.m.c.i.embedder.EclipseLogger - skip non existing resourceDirectory D:\Proyectos\espacios\espacios\src\test\resources
2023-08-17 19:13:13,435 [Worker-54: Building] INFO  o.e.m.c.i.embedder.EclipseLogger - Using 'UTF-8' encoding to copy filtered resources.
2023-08-17 19:13:13,492 [Worker-54: Building] INFO  o.e.m.c.i.embedder.EclipseLogger - Copying 1 resource
2023-08-17 19:13:13,557 [Worker-54: Building] INFO  o.e.m.c.i.embedder.EclipseLogger - Copying 1778 resources
2023-08-17 19:13:13,717 [Worker-54: Building] INFO  o.e.m.c.i.embedder.EclipseLogger - Using 'UTF-8' encoding to copy filtered resources.
2023-08-17 19:13:13,717 [Worker-54: Building] INFO  o.e.m.c.i.embedder.EclipseLogger - skip non existing resourceDirectory D:\Proyectos\espacios\espacios\src\test\resources
2023-08-17 19:16:42,710 [Worker-60: Building] INFO  o.e.m.c.i.embedder.EclipseLogger - Using 'UTF-8' encoding to copy filtered resources.
2023-08-17 19:16:42,768 [Worker-60: Building] INFO  o.e.m.c.i.embedder.EclipseLogger - Copying 1 resource
2023-08-17 19:16:42,826 [Worker-60: Building] INFO  o.e.m.c.i.embedder.EclipseLogger - Copying 1778 resources
2023-08-17 19:16:42,926 [Worker-60: Building] INFO  o.e.m.c.i.embedder.EclipseLogger - Using 'UTF-8' encoding to copy filtered resources.
2023-08-17 19:16:42,926 [Worker-60: Building] INFO  o.e.m.c.i.embedder.EclipseLogger - skip non existing resourceDirectory D:\Proyectos\espacios\espacios\src\test\resources
2023-08-17 19:17:04,946 [Worker-58: Building] INFO  o.e.m.c.i.embedder.EclipseLogger - Using 'UTF-8' encoding to copy filtered resources.
2023-08-17 19:17:04,992 [Worker-58: Building] INFO  o.e.m.c.i.embedder.EclipseLogger - Copying 1 resource
2023-08-17 19:17:05,043 [Worker-58: Building] INFO  o.e.m.c.i.embedder.EclipseLogger - Copying 1778 resources
2023-08-17 19:17:05,146 [Worker-58: Building] INFO  o.e.m.c.i.embedder.EclipseLogger - Using 'UTF-8' encoding to copy filtered resources.
2023-08-17 19:17:05,146 [Worker-58: Building] INFO  o.e.m.c.i.embedder.EclipseLogger - skip non existing resourceDirectory D:\Proyectos\espacios\espacios\src\test\resources
2023-08-17 19:17:41,179 [Worker-61: Building] INFO  o.e.m.c.i.embedder.EclipseLogger - Using 'UTF-8' encoding to copy filtered resources.
2023-08-17 19:17:41,238 [Worker-61: Building] INFO  o.e.m.c.i.embedder.EclipseLogger - Copying 1 resource
2023-08-17 19:17:41,311 [Worker-61: Building] INFO  o.e.m.c.i.embedder.EclipseLogger - Copying 1778 resources
2023-08-17 19:17:41,459 [Worker-61: Building] INFO  o.e.m.c.i.embedder.EclipseLogger - Using 'UTF-8' encoding to copy filtered resources.
2023-08-17 19:17:41,459 [Worker-61: Building] INFO  o.e.m.c.i.embedder.EclipseLogger - skip non existing resourceDirectory D:\Proyectos\espacios\espacios\src\test\resources
2023-08-17 19:18:52,691 [Worker-55: Building] INFO  o.e.m.c.i.embedder.EclipseLogger - Using 'UTF-8' encoding to copy filtered resources.
2023-08-17 19:18:52,764 [Worker-55: Building] INFO  o.e.m.c.i.embedder.EclipseLogger - Copying 1 resource
2023-08-17 19:18:52,816 [Worker-55: Building] INFO  o.e.m.c.i.embedder.EclipseLogger - Copying 1778 resources
2023-08-17 19:18:52,960 [Worker-55: Building] INFO  o.e.m.c.i.embedder.EclipseLogger - Using 'UTF-8' encoding to copy filtered resources.
2023-08-17 19:18:52,960 [Worker-55: Building] INFO  o.e.m.c.i.embedder.EclipseLogger - skip non existing resourceDirectory D:\Proyectos\espacios\espacios\src\test\resources
2023-08-17 19:19:54,355 [Worker-55: Building] INFO  o.e.m.c.i.embedder.EclipseLogger - Using 'UTF-8' encoding to copy filtered resources.
2023-08-17 19:19:54,403 [Worker-55: Building] INFO  o.e.m.c.i.embedder.EclipseLogger - Copying 1 resource
2023-08-17 19:19:54,450 [Worker-55: Building] INFO  o.e.m.c.i.embedder.EclipseLogger - Copying 1778 resources
2023-08-17 19:19:54,598 [Worker-55: Building] INFO  o.e.m.c.i.embedder.EclipseLogger - Using 'UTF-8' encoding to copy filtered resources.
2023-08-17 19:19:54,598 [Worker-55: Building] INFO  o.e.m.c.i.embedder.EclipseLogger - skip non existing resourceDirectory D:\Proyectos\espacios\espacios\src\test\resources
2023-08-17 19:24:10,061 [Worker-54: Building] INFO  o.e.m.c.i.embedder.EclipseLogger - Using 'UTF-8' encoding to copy filtered resources.
2023-08-17 19:24:10,085 [Worker-54: Building] INFO  o.e.m.c.i.embedder.EclipseLogger - Copying 1 resource
2023-08-17 19:24:10,119 [Worker-54: Building] INFO  o.e.m.c.i.embedder.EclipseLogger - Copying 1778 resources
2023-08-17 19:24:10,203 [Worker-54: Building] INFO  o.e.m.c.i.embedder.EclipseLogger - Using 'UTF-8' encoding to copy filtered resources.
2023-08-17 19:24:10,204 [Worker-54: Building] INFO  o.e.m.c.i.embedder.EclipseLogger - skip non existing resourceDirectory D:\Proyectos\espacios\espacios\src\test\resources
2023-08-17 19:24:21,918 [Worker-55: Building] INFO  o.e.m.c.i.embedder.EclipseLogger - Using 'UTF-8' encoding to copy filtered resources.
2023-08-17 19:24:21,941 [Worker-55: Building] INFO  o.e.m.c.i.embedder.EclipseLogger - Copying 1 resource
2023-08-17 19:24:21,965 [Worker-55: Building] INFO  o.e.m.c.i.embedder.EclipseLogger - Copying 1778 resources
2023-08-17 19:24:22,035 [Worker-55: Building] INFO  o.e.m.c.i.embedder.EclipseLogger - Using 'UTF-8' encoding to copy filtered resources.
2023-08-17 19:24:22,035 [Worker-55: Building] INFO  o.e.m.c.i.embedder.EclipseLogger - skip non existing resourceDirectory D:\Proyectos\espacios\espacios\src\test\resources
2023-08-17 19:24:51,449 [Worker-59: Building] INFO  o.e.m.c.i.embedder.EclipseLogger - Using 'UTF-8' encoding to copy filtered resources.
2023-08-17 19:24:51,473 [Worker-59: Building] INFO  o.e.m.c.i.embedder.EclipseLogger - Copying 1 resource
2023-08-17 19:24:51,504 [Worker-59: Building] INFO  o.e.m.c.i.embedder.EclipseLogger - Copying 1778 resources
2023-08-17 19:24:51,589 [Worker-59: Building] INFO  o.e.m.c.i.embedder.EclipseLogger - Using 'UTF-8' encoding to copy filtered resources.
2023-08-17 19:24:51,589 [Worker-59: Building] INFO  o.e.m.c.i.embedder.EclipseLogger - skip non existing resourceDirectory D:\Proyectos\espacios\espacios\src\test\resources
2023-08-17 19:25:59,574 [Worker-60: Building] INFO  o.e.m.c.i.embedder.EclipseLogger - Using 'UTF-8' encoding to copy filtered resources.
2023-08-17 19:25:59,674 [Worker-60: Building] INFO  o.e.m.c.i.embedder.EclipseLogger - Copying 0 resource
2023-08-17 19:25:59,674 [Worker-60: Building] INFO  o.e.m.c.i.embedder.EclipseLogger - Copying 1 resource
2023-08-17 19:25:59,677 [Worker-60: Building] INFO  o.e.m.c.i.embedder.EclipseLogger - Using 'UTF-8' encoding to copy filtered resources.
2023-08-17 19:25:59,677 [Worker-60: Building] INFO  o.e.m.c.i.embedder.EclipseLogger - skip non existing resourceDirectory D:\Proyectos\espacios\espacios\src\test\resources
2023-08-17 19:26:10,733 [Worker-54: Building] INFO  o.e.m.c.i.embedder.EclipseLogger - Using 'UTF-8' encoding to copy filtered resources.
2023-08-17 19:26:10,776 [Worker-54: Building] INFO  o.e.m.c.i.embedder.EclipseLogger - Copying 1 resource
2023-08-17 19:26:10,831 [Worker-54: Building] INFO  o.e.m.c.i.embedder.EclipseLogger - Copying 1778 resources
2023-08-17 19:26:10,923 [Worker-54: Building] INFO  o.e.m.c.i.embedder.EclipseLogger - Using 'UTF-8' encoding to copy filtered resources.
2023-08-17 19:26:10,923 [Worker-54: Building] INFO  o.e.m.c.i.embedder.EclipseLogger - skip non existing resourceDirectory D:\Proyectos\espacios\espacios\src\test\resources
2023-08-17 19:27:35,126 [Worker-54: Building] INFO  o.e.m.c.i.embedder.EclipseLogger - Using 'UTF-8' encoding to copy filtered resources.
2023-08-17 19:27:35,159 [Worker-54: Building] INFO  o.e.m.c.i.embedder.EclipseLogger - Copying 1 resource
2023-08-17 19:27:35,190 [Worker-54: Building] INFO  o.e.m.c.i.embedder.EclipseLogger - Copying 1778 resources
2023-08-17 19:27:35,299 [Worker-54: Building] INFO  o.e.m.c.i.embedder.EclipseLogger - Using 'UTF-8' encoding to copy filtered resources.
2023-08-17 19:27:35,299 [Worker-54: Building] INFO  o.e.m.c.i.embedder.EclipseLogger - skip non existing resourceDirectory D:\Proyectos\espacios\espacios\src\test\resources
2023-08-17 19:29:54,269 [Worker-63: Building] INFO  o.e.m.c.i.embedder.EclipseLogger - Using 'UTF-8' encoding to copy filtered resources.
2023-08-17 19:29:54,299 [Worker-63: Building] INFO  o.e.m.c.i.embedder.EclipseLogger - Copying 1 resource
2023-08-17 19:29:54,323 [Worker-63: Building] INFO  o.e.m.c.i.embedder.EclipseLogger - Copying 1778 resources
2023-08-17 19:29:54,393 [Worker-63: Building] INFO  o.e.m.c.i.embedder.EclipseLogger - Using 'UTF-8' encoding to copy filtered resources.
2023-08-17 19:29:54,394 [Worker-63: Building] INFO  o.e.m.c.i.embedder.EclipseLogger - skip non existing resourceDirectory D:\Proyectos\espacios\espacios\src\test\resources
2023-08-17 19:31:38,265 [Worker-54: Building] INFO  o.e.m.c.i.embedder.EclipseLogger - Using 'UTF-8' encoding to copy filtered resources.
2023-08-17 19:31:38,296 [Worker-54: Building] INFO  o.e.m.c.i.embedder.EclipseLogger - Copying 1 resource
2023-08-17 19:31:38,323 [Worker-54: Building] INFO  o.e.m.c.i.embedder.EclipseLogger - Copying 1778 resources
2023-08-17 19:31:38,394 [Worker-54: Building] INFO  o.e.m.c.i.embedder.EclipseLogger - Using 'UTF-8' encoding to copy filtered resources.
2023-08-17 19:31:38,394 [Worker-54: Building] INFO  o.e.m.c.i.embedder.EclipseLogger - skip non existing resourceDirectory D:\Proyectos\espacios\espacios\src\test\resources
2023-08-17 19:33:34,375 [Worker-65: Building] INFO  o.e.m.c.i.embedder.EclipseLogger - Using 'UTF-8' encoding to copy filtered resources.
2023-08-17 19:33:34,402 [Worker-65: Building] INFO  o.e.m.c.i.embedder.EclipseLogger - Copying 1 resource
2023-08-17 19:33:34,433 [Worker-65: Building] INFO  o.e.m.c.i.embedder.EclipseLogger - Copying 1778 resources
2023-08-17 19:33:34,515 [Worker-65: Building] INFO  o.e.m.c.i.embedder.EclipseLogger - Using 'UTF-8' encoding to copy filtered resources.
2023-08-17 19:33:34,515 [Worker-65: Building] INFO  o.e.m.c.i.embedder.EclipseLogger - skip non existing resourceDirectory D:\Proyectos\espacios\espacios\src\test\resources
2023-08-17 19:36:52,293 [Worker-65: Building] INFO  o.e.m.c.i.embedder.EclipseLogger - Using 'UTF-8' encoding to copy filtered resources.
2023-08-17 19:36:52,314 [Worker-65: Building] INFO  o.e.m.c.i.embedder.EclipseLogger - Copying 1 resource
2023-08-17 19:36:52,340 [Worker-65: Building] INFO  o.e.m.c.i.embedder.EclipseLogger - Copying 1778 resources
2023-08-17 19:36:52,415 [Worker-65: Building] INFO  o.e.m.c.i.embedder.EclipseLogger - Using 'UTF-8' encoding to copy filtered resources.
2023-08-17 19:36:52,415 [Worker-65: Building] INFO  o.e.m.c.i.embedder.EclipseLogger - skip non existing resourceDirectory D:\Proyectos\espacios\espacios\src\test\resources
2023-08-17 19:37:35,540 [Worker-63: Building] INFO  o.e.m.c.i.embedder.EclipseLogger - Using 'UTF-8' encoding to copy filtered resources.
2023-08-17 19:37:35,572 [Worker-63: Building] INFO  o.e.m.c.i.embedder.EclipseLogger - Copying 1 resource
2023-08-17 19:37:35,598 [Worker-63: Building] INFO  o.e.m.c.i.embedder.EclipseLogger - Copying 1778 resources
2023-08-17 19:37:35,673 [Worker-63: Building] INFO  o.e.m.c.i.embedder.EclipseLogger - Using 'UTF-8' encoding to copy filtered resources.
2023-08-17 19:37:35,673 [Worker-63: Building] INFO  o.e.m.c.i.embedder.EclipseLogger - skip non existing resourceDirectory D:\Proyectos\espacios\espacios\src\test\resources
2023-08-26 08:36:14,038 [Worker-74: Launching espacios - EspaciosApplication] INFO  o.e.m.c.i.embedder.EclipseLogger - Using 'UTF-8' encoding to copy filtered resources.
2023-08-26 08:36:14,512 [Worker-74: Launching espacios - EspaciosApplication] INFO  o.e.m.c.i.embedder.EclipseLogger - Copying 1 resource
2023-08-26 08:36:14,618 [Worker-74: Launching espacios - EspaciosApplication] INFO  o.e.m.c.i.embedder.EclipseLogger - Copying 1778 resources
2023-08-26 08:36:14,748 [Worker-74: Launching espacios - EspaciosApplication] INFO  o.e.m.c.i.embedder.EclipseLogger - Using 'UTF-8' encoding to copy filtered resources.
2023-08-26 08:36:14,748 [Worker-74: Launching espacios - EspaciosApplication] INFO  o.e.m.c.i.embedder.EclipseLogger - skip non existing resourceDirectory D:\Proyectos\espacios\espacios\src\test\resources
2023-08-29 16:01:37,291 [Worker-3: Loading available Gradle versions] INFO  o.e.b.c.i.u.g.PublishedGradleVersions - Gradle version information cache is out-of-date. Trying to update.
2023-08-29 16:06:30,447 [Worker-12: Building] INFO  o.e.m.c.i.embedder.EclipseLogger - Using 'UTF-8' encoding to copy filtered resources.
2023-08-29 16:06:30,471 [Worker-12: Building] INFO  o.e.m.c.i.embedder.EclipseLogger - Copying 1 resource
2023-08-29 16:06:30,524 [Worker-12: Building] INFO  o.e.m.c.i.embedder.EclipseLogger - Copying 1778 resources
2023-08-29 16:06:30,889 [Worker-12: Building] INFO  o.e.m.c.i.embedder.EclipseLogger - Using 'UTF-8' encoding to copy filtered resources.
2023-08-29 16:06:30,890 [Worker-12: Building] INFO  o.e.m.c.i.embedder.EclipseLogger - skip non existing resourceDirectory D:\Proyectos\espacios\espacios\src\test\resources
2023-08-29 16:07:58,775 [Worker-14: Building] INFO  o.e.m.c.i.embedder.EclipseLogger - Using 'UTF-8' encoding to copy filtered resources.
2023-08-29 16:07:58,851 [Worker-14: Building] INFO  o.e.m.c.i.embedder.EclipseLogger - Copying 1 resource
2023-08-29 16:07:58,927 [Worker-14: Building] INFO  o.e.m.c.i.embedder.EclipseLogger - Copying 1778 resources
2023-08-29 16:07:59,081 [Worker-14: Building] INFO  o.e.m.c.i.embedder.EclipseLogger - Using 'UTF-8' encoding to copy filtered resources.
2023-08-29 16:07:59,082 [Worker-14: Building] INFO  o.e.m.c.i.embedder.EclipseLogger - skip non existing resourceDirectory D:\Proyectos\espacios\espacios\src\test\resources
2023-08-29 16:12:18,808 [Worker-18: Building] INFO  o.e.m.c.i.embedder.EclipseLogger - Using 'UTF-8' encoding to copy filtered resources.
2023-08-29 16:12:18,849 [Worker-18: Building] INFO  o.e.m.c.i.embedder.EclipseLogger - Copying 1 resource
2023-08-29 16:12:18,898 [Worker-18: Building] INFO  o.e.m.c.i.embedder.EclipseLogger - Copying 1778 resources
2023-08-29 16:12:18,999 [Worker-18: Building] INFO  o.e.m.c.i.embedder.EclipseLogger - Using 'UTF-8' encoding to copy filtered resources.
2023-08-29 16:12:18,999 [Worker-18: Building] INFO  o.e.m.c.i.embedder.EclipseLogger - skip non existing resourceDirectory D:\Proyectos\espacios\espacios\src\test\resources
2023-08-29 16:16:09,425 [Worker-13: Building] INFO  o.e.m.c.i.embedder.EclipseLogger - Using 'UTF-8' encoding to copy filtered resources.
2023-08-29 16:16:09,429 [Worker-13: Building] INFO  o.e.m.c.i.embedder.EclipseLogger - Copying 0 resource
2023-08-29 16:16:09,429 [Worker-13: Building] INFO  o.e.m.c.i.embedder.EclipseLogger - Copying 1 resource
2023-08-29 16:16:09,435 [Worker-13: Building] INFO  o.e.m.c.i.embedder.EclipseLogger - Using 'UTF-8' encoding to copy filtered resources.
2023-08-29 16:16:09,436 [Worker-13: Building] INFO  o.e.m.c.i.embedder.EclipseLogger - skip non existing resourceDirectory D:\Proyectos\espacios\espacios\src\test\resources
2023-08-29 16:16:23,368 [Worker-20: Building] INFO  o.e.m.c.i.embedder.EclipseLogger - Using 'UTF-8' encoding to copy filtered resources.
2023-08-29 16:16:23,431 [Worker-20: Building] INFO  o.e.m.c.i.embedder.EclipseLogger - Copying 1 resource
2023-08-29 16:16:23,485 [Worker-20: Building] INFO  o.e.m.c.i.embedder.EclipseLogger - Copying 1778 resources
2023-08-29 16:16:23,589 [Worker-20: Building] INFO  o.e.m.c.i.embedder.EclipseLogger - Using 'UTF-8' encoding to copy filtered resources.
2023-08-29 16:16:23,589 [Worker-20: Building] INFO  o.e.m.c.i.embedder.EclipseLogger - skip non existing resourceDirectory D:\Proyectos\espacios\espacios\src\test\resources
2023-08-29 16:17:01,487 [Worker-21: Building] INFO  o.e.m.c.i.embedder.EclipseLogger - Using 'UTF-8' encoding to copy filtered resources.
2023-08-29 16:17:01,511 [Worker-21: Building] INFO  o.e.m.c.i.embedder.EclipseLogger - Copying 1 resource
2023-08-29 16:17:01,535 [Worker-21: Building] INFO  o.e.m.c.i.embedder.EclipseLogger - Copying 1778 resources
2023-08-29 16:17:01,603 [Worker-21: Building] INFO  o.e.m.c.i.embedder.EclipseLogger - Using 'UTF-8' encoding to copy filtered resources.
2023-08-29 16:17:01,603 [Worker-21: Building] INFO  o.e.m.c.i.embedder.EclipseLogger - skip non existing resourceDirectory D:\Proyectos\espacios\espacios\src\test\resources
2023-08-29 16:21:23,226 [Worker-24: Building] INFO  o.e.m.c.i.embedder.EclipseLogger - Using 'UTF-8' encoding to copy filtered resources.
2023-08-29 16:21:23,226 [Worker-24: Building] INFO  o.e.m.c.i.embedder.EclipseLogger - Copying 0 resource
2023-08-29 16:21:23,226 [Worker-24: Building] INFO  o.e.m.c.i.embedder.EclipseLogger - Copying 1 resource
2023-08-29 16:21:23,265 [Worker-24: Building] INFO  o.e.m.c.i.embedder.EclipseLogger - Using 'UTF-8' encoding to copy filtered resources.
2023-08-29 16:21:23,265 [Worker-24: Building] INFO  o.e.m.c.i.embedder.EclipseLogger - skip non existing resourceDirectory D:\Proyectos\espacios\espacios\src\test\resources
2023-08-29 16:26:24,324 [Worker-23: Building] INFO  o.e.m.c.i.embedder.EclipseLogger - Using 'UTF-8' encoding to copy filtered resources.
2023-08-29 16:26:24,352 [Worker-23: Building] INFO  o.e.m.c.i.embedder.EclipseLogger - Copying 1 resource
2023-08-29 16:26:24,378 [Worker-23: Building] INFO  o.e.m.c.i.embedder.EclipseLogger - Copying 1778 resources
2023-08-29 16:26:24,449 [Worker-23: Building] INFO  o.e.m.c.i.embedder.EclipseLogger - Using 'UTF-8' encoding to copy filtered resources.
2023-08-29 16:26:24,449 [Worker-23: Building] INFO  o.e.m.c.i.embedder.EclipseLogger - skip non existing resourceDirectory D:\Proyectos\espacios\espacios\src\test\resources
2023-08-29 16:26:41,322 [Worker-28: Building] INFO  o.e.m.c.i.embedder.EclipseLogger - Using 'UTF-8' encoding to copy filtered resources.
2023-08-29 16:26:41,357 [Worker-28: Building] INFO  o.e.m.c.i.embedder.EclipseLogger - Copying 1 resource
2023-08-29 16:26:41,401 [Worker-28: Building] INFO  o.e.m.c.i.embedder.EclipseLogger - Copying 1778 resources
2023-08-29 16:26:41,497 [Worker-28: Building] INFO  o.e.m.c.i.embedder.EclipseLogger - Using 'UTF-8' encoding to copy filtered resources.
2023-08-29 16:26:41,497 [Worker-28: Building] INFO  o.e.m.c.i.embedder.EclipseLogger - skip non existing resourceDirectory D:\Proyectos\espacios\espacios\src\test\resources
2023-08-29 16:28:19,807 [Worker-23: Building] INFO  o.e.m.c.i.embedder.EclipseLogger - Using 'UTF-8' encoding to copy filtered resources.
2023-08-29 16:28:19,859 [Worker-23: Building] INFO  o.e.m.c.i.embedder.EclipseLogger - Copying 1 resource
2023-08-29 16:28:19,924 [Worker-23: Building] INFO  o.e.m.c.i.embedder.EclipseLogger - Copying 1778 resources
2023-08-29 16:28:20,033 [Worker-23: Building] INFO  o.e.m.c.i.embedder.EclipseLogger - Using 'UTF-8' encoding to copy filtered resources.
2023-08-29 16:28:20,034 [Worker-23: Building] INFO  o.e.m.c.i.embedder.EclipseLogger - skip non existing resourceDirectory D:\Proyectos\espacios\espacios\src\test\resources
2023-08-29 16:29:14,639 [Worker-28: Building] INFO  o.e.m.c.i.embedder.EclipseLogger - Using 'UTF-8' encoding to copy filtered resources.
2023-08-29 16:29:14,685 [Worker-28: Building] INFO  o.e.m.c.i.embedder.EclipseLogger - Copying 1 resource
2023-08-29 16:29:14,771 [Worker-28: Building] INFO  o.e.m.c.i.embedder.EclipseLogger - Copying 1778 resources
2023-08-29 16:29:14,913 [Worker-28: Building] INFO  o.e.m.c.i.embedder.EclipseLogger - Using 'UTF-8' encoding to copy filtered resources.
2023-08-29 16:29:14,913 [Worker-28: Building] INFO  o.e.m.c.i.embedder.EclipseLogger - skip non existing resourceDirectory D:\Proyectos\espacios\espacios\src\test\resources
2023-08-29 16:29:46,613 [Worker-29: Building] INFO  o.e.m.c.i.embedder.EclipseLogger - Using 'UTF-8' encoding to copy filtered resources.
2023-08-29 16:29:46,664 [Worker-29: Building] INFO  o.e.m.c.i.embedder.EclipseLogger - Copying 1 resource
2023-08-29 16:29:46,708 [Worker-29: Building] INFO  o.e.m.c.i.embedder.EclipseLogger - Copying 1778 resources
2023-08-29 16:29:46,782 [Worker-29: Building] INFO  o.e.m.c.i.embedder.EclipseLogger - Using 'UTF-8' encoding to copy filtered resources.
2023-08-29 16:29:46,782 [Worker-29: Building] INFO  o.e.m.c.i.embedder.EclipseLogger - skip non existing resourceDirectory D:\Proyectos\espacios\espacios\src\test\resources
2023-08-29 16:30:04,579 [Worker-30: Building] INFO  o.e.m.c.i.embedder.EclipseLogger - Using 'UTF-8' encoding to copy filtered resources.
2023-08-29 16:30:04,621 [Worker-30: Building] INFO  o.e.m.c.i.embedder.EclipseLogger - Copying 1 resource
2023-08-29 16:30:04,658 [Worker-30: Building] INFO  o.e.m.c.i.embedder.EclipseLogger - Copying 1778 resources
2023-08-29 16:30:04,775 [Worker-30: Building] INFO  o.e.m.c.i.embedder.EclipseLogger - Using 'UTF-8' encoding to copy filtered resources.
2023-08-29 16:30:04,775 [Worker-30: Building] INFO  o.e.m.c.i.embedder.EclipseLogger - skip non existing resourceDirectory D:\Proyectos\espacios\espacios\src\test\resources
2023-08-29 16:32:03,903 [Worker-31: Building] INFO  o.e.m.c.i.embedder.EclipseLogger - Using 'UTF-8' encoding to copy filtered resources.
2023-08-29 16:32:03,947 [Worker-31: Building] INFO  o.e.m.c.i.embedder.EclipseLogger - Copying 1 resource
2023-08-29 16:32:04,018 [Worker-31: Building] INFO  o.e.m.c.i.embedder.EclipseLogger - Copying 1778 resources
2023-08-29 16:32:04,187 [Worker-31: Building] INFO  o.e.m.c.i.embedder.EclipseLogger - Using 'UTF-8' encoding to copy filtered resources.
2023-08-29 16:32:04,187 [Worker-31: Building] INFO  o.e.m.c.i.embedder.EclipseLogger - skip non existing resourceDirectory D:\Proyectos\espacios\espacios\src\test\resources
2023-08-29 16:32:10,683 [Worker-30: Building] INFO  o.e.m.c.i.embedder.EclipseLogger - Using 'UTF-8' encoding to copy filtered resources.
2023-08-29 16:32:10,710 [Worker-30: Building] INFO  o.e.m.c.i.embedder.EclipseLogger - Copying 1 resource
2023-08-29 16:32:10,737 [Worker-30: Building] INFO  o.e.m.c.i.embedder.EclipseLogger - Copying 1778 resources
2023-08-29 16:32:10,820 [Worker-30: Building] INFO  o.e.m.c.i.embedder.EclipseLogger - Using 'UTF-8' encoding to copy filtered resources.
2023-08-29 16:32:10,820 [Worker-30: Building] INFO  o.e.m.c.i.embedder.EclipseLogger - skip non existing resourceDirectory D:\Proyectos\espacios\espacios\src\test\resources
2023-08-29 16:32:56,872 [Worker-23: Building] INFO  o.e.m.c.i.embedder.EclipseLogger - Using 'UTF-8' encoding to copy filtered resources.
2023-08-29 16:32:56,925 [Worker-23: Building] INFO  o.e.m.c.i.embedder.EclipseLogger - Copying 1 resource
2023-08-29 16:32:56,958 [Worker-23: Building] INFO  o.e.m.c.i.embedder.EclipseLogger - Copying 1778 resources
2023-08-29 16:32:57,031 [Worker-23: Building] INFO  o.e.m.c.i.embedder.EclipseLogger - Using 'UTF-8' encoding to copy filtered resources.
2023-08-29 16:32:57,031 [Worker-23: Building] INFO  o.e.m.c.i.embedder.EclipseLogger - skip non existing resourceDirectory D:\Proyectos\espacios\espacios\src\test\resources
2023-08-29 16:33:20,305 [Worker-31: Building] INFO  o.e.m.c.i.embedder.EclipseLogger - Using 'UTF-8' encoding to copy filtered resources.
2023-08-29 16:33:20,348 [Worker-31: Building] INFO  o.e.m.c.i.embedder.EclipseLogger - Copying 1 resource
2023-08-29 16:33:20,385 [Worker-31: Building] INFO  o.e.m.c.i.embedder.EclipseLogger - Copying 1778 resources
2023-08-29 16:33:20,460 [Worker-31: Building] INFO  o.e.m.c.i.embedder.EclipseLogger - Using 'UTF-8' encoding to copy filtered resources.
2023-08-29 16:33:20,461 [Worker-31: Building] INFO  o.e.m.c.i.embedder.EclipseLogger - skip non existing resourceDirectory D:\Proyectos\espacios\espacios\src\test\resources
2023-08-29 16:35:22,576 [Worker-31: Building] INFO  o.e.m.c.i.embedder.EclipseLogger - Using 'UTF-8' encoding to copy filtered resources.
2023-08-29 16:35:22,626 [Worker-31: Building] INFO  o.e.m.c.i.embedder.EclipseLogger - Copying 1 resource
2023-08-29 16:35:22,666 [Worker-31: Building] INFO  o.e.m.c.i.embedder.EclipseLogger - Copying 1778 resources
2023-08-29 16:35:22,768 [Worker-31: Building] INFO  o.e.m.c.i.embedder.EclipseLogger - Using 'UTF-8' encoding to copy filtered resources.
2023-08-29 16:35:22,768 [Worker-31: Building] INFO  o.e.m.c.i.embedder.EclipseLogger - skip non existing resourceDirectory D:\Proyectos\espacios\espacios\src\test\resources
2023-08-29 16:36:01,737 [Worker-31: Building] INFO  o.e.m.c.i.embedder.EclipseLogger - Using 'UTF-8' encoding to copy filtered resources.
2023-08-29 16:36:01,758 [Worker-31: Building] INFO  o.e.m.c.i.embedder.EclipseLogger - Copying 1 resource
2023-08-29 16:36:02,028 [Worker-31: Building] INFO  o.e.m.c.i.embedder.EclipseLogger - Copying 1778 resources
2023-08-29 16:36:02,108 [Worker-31: Building] INFO  o.e.m.c.i.embedder.EclipseLogger - Using 'UTF-8' encoding to copy filtered resources.
2023-08-29 16:36:02,108 [Worker-31: Building] INFO  o.e.m.c.i.embedder.EclipseLogger - skip non existing resourceDirectory D:\Proyectos\espacios\espacios\src\test\resources
2023-08-29 16:37:50,670 [Worker-31: Building] INFO  o.e.m.c.i.embedder.EclipseLogger - Using 'UTF-8' encoding to copy filtered resources.
2023-08-29 16:37:50,694 [Worker-31: Building] INFO  o.e.m.c.i.embedder.EclipseLogger - Copying 1 resource
2023-08-29 16:37:50,736 [Worker-31: Building] INFO  o.e.m.c.i.embedder.EclipseLogger - Copying 1778 resources
2023-08-29 16:37:50,814 [Worker-31: Building] INFO  o.e.m.c.i.embedder.EclipseLogger - Using 'UTF-8' encoding to copy filtered resources.
2023-08-29 16:37:50,815 [Worker-31: Building] INFO  o.e.m.c.i.embedder.EclipseLogger - skip non existing resourceDirectory D:\Proyectos\espacios\espacios\src\test\resources
2023-08-29 16:39:09,257 [Worker-23: Building] INFO  o.e.m.c.i.embedder.EclipseLogger - Using 'UTF-8' encoding to copy filtered resources.
2023-08-29 16:39:09,284 [Worker-23: Building] INFO  o.e.m.c.i.embedder.EclipseLogger - Copying 1 resource
2023-08-29 16:39:09,309 [Worker-23: Building] INFO  o.e.m.c.i.embedder.EclipseLogger - Copying 1778 resources
2023-08-29 16:39:09,391 [Worker-23: Building] INFO  o.e.m.c.i.embedder.EclipseLogger - Using 'UTF-8' encoding to copy filtered resources.
2023-08-29 16:39:09,391 [Worker-23: Building] INFO  o.e.m.c.i.embedder.EclipseLogger - skip non existing resourceDirectory D:\Proyectos\espacios\espacios\src\test\resources
2023-08-29 16:39:40,096 [Worker-29: Building] INFO  o.e.m.c.i.embedder.EclipseLogger - Using 'UTF-8' encoding to copy filtered resources.
2023-08-29 16:39:40,137 [Worker-29: Building] INFO  o.e.m.c.i.embedder.EclipseLogger - Copying 1 resource
2023-08-29 16:39:40,196 [Worker-29: Building] INFO  o.e.m.c.i.embedder.EclipseLogger - Copying 1778 resources
2023-08-29 16:39:40,311 [Worker-29: Building] INFO  o.e.m.c.i.embedder.EclipseLogger - Using 'UTF-8' encoding to copy filtered resources.
2023-08-29 16:39:40,311 [Worker-29: Building] INFO  o.e.m.c.i.embedder.EclipseLogger - skip non existing resourceDirectory D:\Proyectos\espacios\espacios\src\test\resources
2023-08-29 16:41:47,058 [Worker-31: Building] INFO  o.e.m.c.i.embedder.EclipseLogger - Using 'UTF-8' encoding to copy filtered resources.
2023-08-29 16:41:47,084 [Worker-31: Building] INFO  o.e.m.c.i.embedder.EclipseLogger - Copying 1 resource
2023-08-29 16:41:47,117 [Worker-31: Building] INFO  o.e.m.c.i.embedder.EclipseLogger - Copying 1778 resources
2023-08-29 16:41:47,209 [Worker-31: Building] INFO  o.e.m.c.i.embedder.EclipseLogger - Using 'UTF-8' encoding to copy filtered resources.
2023-08-29 16:41:47,209 [Worker-31: Building] INFO  o.e.m.c.i.embedder.EclipseLogger - skip non existing resourceDirectory D:\Proyectos\espacios\espacios\src\test\resources
2023-08-29 16:43:37,332 [Worker-32: Building] INFO  o.e.m.c.i.embedder.EclipseLogger - Using 'UTF-8' encoding to copy filtered resources.
2023-08-29 16:43:37,365 [Worker-32: Building] INFO  o.e.m.c.i.embedder.EclipseLogger - Copying 1 resource
2023-08-29 16:43:37,392 [Worker-32: Building] INFO  o.e.m.c.i.embedder.EclipseLogger - Copying 1778 resources
2023-08-29 16:43:37,462 [Worker-32: Building] INFO  o.e.m.c.i.embedder.EclipseLogger - Using 'UTF-8' encoding to copy filtered resources.
2023-08-29 16:43:37,462 [Worker-32: Building] INFO  o.e.m.c.i.embedder.EclipseLogger - skip non existing resourceDirectory D:\Proyectos\espacios\espacios\src\test\resources
2023-08-29 16:44:28,742 [Worker-33: Building] INFO  o.e.m.c.i.embedder.EclipseLogger - Using 'UTF-8' encoding to copy filtered resources.
2023-08-29 16:44:28,742 [Worker-33: Building] INFO  o.e.m.c.i.embedder.EclipseLogger - Copying 0 resource
2023-08-29 16:44:28,742 [Worker-33: Building] INFO  o.e.m.c.i.embedder.EclipseLogger - Copying 1 resource
2023-08-29 16:44:28,744 [Worker-33: Building] INFO  o.e.m.c.i.embedder.EclipseLogger - Using 'UTF-8' encoding to copy filtered resources.
2023-08-29 16:44:28,745 [Worker-33: Building] INFO  o.e.m.c.i.embedder.EclipseLogger - skip non existing resourceDirectory D:\Proyectos\espacios\espacios\src\test\resources
2023-08-29 16:46:52,079 [Worker-23: Building] INFO  o.e.m.c.i.embedder.EclipseLogger - Using 'UTF-8' encoding to copy filtered resources.
2023-08-29 16:46:52,080 [Worker-23: Building] INFO  o.e.m.c.i.embedder.EclipseLogger - Copying 0 resource
2023-08-29 16:46:52,080 [Worker-23: Building] INFO  o.e.m.c.i.embedder.EclipseLogger - Copying 1 resource
2023-08-29 16:46:52,084 [Worker-23: Building] INFO  o.e.m.c.i.embedder.EclipseLogger - Using 'UTF-8' encoding to copy filtered resources.
2023-08-29 16:46:52,084 [Worker-23: Building] INFO  o.e.m.c.i.embedder.EclipseLogger - skip non existing resourceDirectory D:\Proyectos\espacios\espacios\src\test\resources
2023-08-29 16:49:14,678 [Worker-33: Building] INFO  o.e.m.c.i.embedder.EclipseLogger - Using 'UTF-8' encoding to copy filtered resources.
2023-08-29 16:49:14,719 [Worker-33: Building] INFO  o.e.m.c.i.embedder.EclipseLogger - Copying 1 resource
2023-08-29 16:49:14,761 [Worker-33: Building] INFO  o.e.m.c.i.embedder.EclipseLogger - Copying 1778 resources
2023-08-29 16:49:14,868 [Worker-33: Building] INFO  o.e.m.c.i.embedder.EclipseLogger - Using 'UTF-8' encoding to copy filtered resources.
2023-08-29 16:49:14,869 [Worker-33: Building] INFO  o.e.m.c.i.embedder.EclipseLogger - skip non existing resourceDirectory D:\Proyectos\espacios\espacios\src\test\resources
2023-08-29 16:50:02,399 [Worker-35: Building] INFO  o.e.m.c.i.embedder.EclipseLogger - Using 'UTF-8' encoding to copy filtered resources.
2023-08-29 16:50:02,429 [Worker-35: Building] INFO  o.e.m.c.i.embedder.EclipseLogger - Copying 1 resource
2023-08-29 16:50:02,460 [Worker-35: Building] INFO  o.e.m.c.i.embedder.EclipseLogger - Copying 1778 resources
2023-08-29 16:50:02,532 [Worker-35: Building] INFO  o.e.m.c.i.embedder.EclipseLogger - Using 'UTF-8' encoding to copy filtered resources.
2023-08-29 16:50:02,532 [Worker-35: Building] INFO  o.e.m.c.i.embedder.EclipseLogger - skip non existing resourceDirectory D:\Proyectos\espacios\espacios\src\test\resources
2023-08-29 16:50:13,780 [Worker-34: Building] INFO  o.e.m.c.i.embedder.EclipseLogger - Using 'UTF-8' encoding to copy filtered resources.
2023-08-29 16:50:13,801 [Worker-34: Building] INFO  o.e.m.c.i.embedder.EclipseLogger - Copying 1 resource
2023-08-29 16:50:13,827 [Worker-34: Building] INFO  o.e.m.c.i.embedder.EclipseLogger - Copying 1778 resources
2023-08-29 16:50:13,903 [Worker-34: Building] INFO  o.e.m.c.i.embedder.EclipseLogger - Using 'UTF-8' encoding to copy filtered resources.
2023-08-29 16:50:13,903 [Worker-34: Building] INFO  o.e.m.c.i.embedder.EclipseLogger - skip non existing resourceDirectory D:\Proyectos\espacios\espacios\src\test\resources
2023-08-29 16:51:04,375 [Worker-32: Building] INFO  o.e.m.c.i.embedder.EclipseLogger - Using 'UTF-8' encoding to copy filtered resources.
2023-08-29 16:51:04,403 [Worker-32: Building] INFO  o.e.m.c.i.embedder.EclipseLogger - Copying 1 resource
2023-08-29 16:51:04,449 [Worker-32: Building] INFO  o.e.m.c.i.embedder.EclipseLogger - Copying 1778 resources
2023-08-29 16:51:04,529 [Worker-32: Building] INFO  o.e.m.c.i.embedder.EclipseLogger - Using 'UTF-8' encoding to copy filtered resources.
2023-08-29 16:51:04,529 [Worker-32: Building] INFO  o.e.m.c.i.embedder.EclipseLogger - skip non existing resourceDirectory D:\Proyectos\espacios\espacios\src\test\resources
2023-08-29 16:51:12,575 [Worker-23: Building] INFO  o.e.m.c.i.embedder.EclipseLogger - Using 'UTF-8' encoding to copy filtered resources.
2023-08-29 16:51:12,596 [Worker-23: Building] INFO  o.e.m.c.i.embedder.EclipseLogger - Copying 1 resource
2023-08-29 16:51:12,625 [Worker-23: Building] INFO  o.e.m.c.i.embedder.EclipseLogger - Copying 1778 resources
2023-08-29 16:51:12,735 [Worker-23: Building] INFO  o.e.m.c.i.embedder.EclipseLogger - Using 'UTF-8' encoding to copy filtered resources.
2023-08-29 16:51:12,735 [Worker-23: Building] INFO  o.e.m.c.i.embedder.EclipseLogger - skip non existing resourceDirectory D:\Proyectos\espacios\espacios\src\test\resources
2023-08-29 16:52:29,540 [Worker-35: Building] INFO  o.e.m.c.i.embedder.EclipseLogger - Using 'UTF-8' encoding to copy filtered resources.
2023-08-29 16:52:29,562 [Worker-35: Building] INFO  o.e.m.c.i.embedder.EclipseLogger - Copying 1 resource
2023-08-29 16:52:29,588 [Worker-35: Building] INFO  o.e.m.c.i.embedder.EclipseLogger - Copying 1778 resources
2023-08-29 16:52:29,682 [Worker-35: Building] INFO  o.e.m.c.i.embedder.EclipseLogger - Using 'UTF-8' encoding to copy filtered resources.
2023-08-29 16:52:29,682 [Worker-35: Building] INFO  o.e.m.c.i.embedder.EclipseLogger - skip non existing resourceDirectory D:\Proyectos\espacios\espacios\src\test\resources
2023-08-29 16:52:39,288 [Worker-35: Building] INFO  o.e.m.c.i.embedder.EclipseLogger - Using 'UTF-8' encoding to copy filtered resources.
2023-08-29 16:52:39,316 [Worker-35: Building] INFO  o.e.m.c.i.embedder.EclipseLogger - Copying 1 resource
2023-08-29 16:52:39,345 [Worker-35: Building] INFO  o.e.m.c.i.embedder.EclipseLogger - Copying 1778 resources
2023-08-29 16:52:39,467 [Worker-35: Building] INFO  o.e.m.c.i.embedder.EclipseLogger - Using 'UTF-8' encoding to copy filtered resources.
2023-08-29 16:52:39,467 [Worker-35: Building] INFO  o.e.m.c.i.embedder.EclipseLogger - skip non existing resourceDirectory D:\Proyectos\espacios\espacios\src\test\resources
2023-08-29 16:52:42,178 [Worker-33: Building] INFO  o.e.m.c.i.embedder.EclipseLogger - Using 'UTF-8' encoding to copy filtered resources.
2023-08-29 16:52:42,210 [Worker-33: Building] INFO  o.e.m.c.i.embedder.EclipseLogger - Copying 1 resource
2023-08-29 16:52:42,268 [Worker-33: Building] INFO  o.e.m.c.i.embedder.EclipseLogger - Copying 1778 resources
2023-08-29 16:52:42,363 [Worker-33: Building] INFO  o.e.m.c.i.embedder.EclipseLogger - Using 'UTF-8' encoding to copy filtered resources.
2023-08-29 16:52:42,364 [Worker-33: Building] INFO  o.e.m.c.i.embedder.EclipseLogger - skip non existing resourceDirectory D:\Proyectos\espacios\espacios\src\test\resources
2023-08-29 16:52:55,188 [Worker-33: Building] INFO  o.e.m.c.i.embedder.EclipseLogger - Using 'UTF-8' encoding to copy filtered resources.
2023-08-29 16:52:55,212 [Worker-33: Building] INFO  o.e.m.c.i.embedder.EclipseLogger - Copying 1 resource
2023-08-29 16:52:55,236 [Worker-33: Building] INFO  o.e.m.c.i.embedder.EclipseLogger - Copying 1778 resources
2023-08-29 16:52:55,313 [Worker-33: Building] INFO  o.e.m.c.i.embedder.EclipseLogger - Using 'UTF-8' encoding to copy filtered resources.
2023-08-29 16:52:55,313 [Worker-33: Building] INFO  o.e.m.c.i.embedder.EclipseLogger - skip non existing resourceDirectory D:\Proyectos\espacios\espacios\src\test\resources
2023-08-29 16:53:18,617 [Worker-36: Building] INFO  o.e.m.c.i.embedder.EclipseLogger - Using 'UTF-8' encoding to copy filtered resources.
2023-08-29 16:53:18,638 [Worker-36: Building] INFO  o.e.m.c.i.embedder.EclipseLogger - Copying 1 resource
2023-08-29 16:53:18,660 [Worker-36: Building] INFO  o.e.m.c.i.embedder.EclipseLogger - Copying 1778 resources
2023-08-29 16:53:18,725 [Worker-36: Building] INFO  o.e.m.c.i.embedder.EclipseLogger - Using 'UTF-8' encoding to copy filtered resources.
2023-08-29 16:53:18,725 [Worker-36: Building] INFO  o.e.m.c.i.embedder.EclipseLogger - skip non existing resourceDirectory D:\Proyectos\espacios\espacios\src\test\resources
2023-08-29 16:53:33,640 [Worker-34: Building] INFO  o.e.m.c.i.embedder.EclipseLogger - Using 'UTF-8' encoding to copy filtered resources.
2023-08-29 16:53:33,677 [Worker-34: Building] INFO  o.e.m.c.i.embedder.EclipseLogger - Copying 1 resource
2023-08-29 16:53:33,720 [Worker-34: Building] INFO  o.e.m.c.i.embedder.EclipseLogger - Copying 1778 resources
2023-08-29 16:53:33,847 [Worker-34: Building] INFO  o.e.m.c.i.embedder.EclipseLogger - Using 'UTF-8' encoding to copy filtered resources.
2023-08-29 16:53:33,848 [Worker-34: Building] INFO  o.e.m.c.i.embedder.EclipseLogger - skip non existing resourceDirectory D:\Proyectos\espacios\espacios\src\test\resources
2023-08-29 16:54:08,978 [Worker-32: Building] INFO  o.e.m.c.i.embedder.EclipseLogger - Using 'UTF-8' encoding to copy filtered resources.
2023-08-29 16:54:08,979 [Worker-32: Building] INFO  o.e.m.c.i.embedder.EclipseLogger - Copying 0 resource
2023-08-29 16:54:08,979 [Worker-32: Building] INFO  o.e.m.c.i.embedder.EclipseLogger - Copying 1 resource
2023-08-29 16:54:08,983 [Worker-32: Building] INFO  o.e.m.c.i.embedder.EclipseLogger - Using 'UTF-8' encoding to copy filtered resources.
2023-08-29 16:54:08,983 [Worker-32: Building] INFO  o.e.m.c.i.embedder.EclipseLogger - skip non existing resourceDirectory D:\Proyectos\espacios\espacios\src\test\resources
2023-08-29 16:54:48,545 [Worker-33: Building] INFO  o.e.m.c.i.embedder.EclipseLogger - Using 'UTF-8' encoding to copy filtered resources.
2023-08-29 16:54:48,546 [Worker-33: Building] INFO  o.e.m.c.i.embedder.EclipseLogger - Copying 0 resource
2023-08-29 16:54:48,546 [Worker-33: Building] INFO  o.e.m.c.i.embedder.EclipseLogger - Copying 1 resource
2023-08-29 16:54:48,548 [Worker-33: Building] INFO  o.e.m.c.i.embedder.EclipseLogger - Using 'UTF-8' encoding to copy filtered resources.
2023-08-29 16:54:48,548 [Worker-33: Building] INFO  o.e.m.c.i.embedder.EclipseLogger - skip non existing resourceDirectory D:\Proyectos\espacios\espacios\src\test\resources
2023-08-29 16:55:56,980 [Worker-34: Building] INFO  o.e.m.c.i.embedder.EclipseLogger - Using 'UTF-8' encoding to copy filtered resources.
2023-08-29 16:55:57,004 [Worker-34: Building] INFO  o.e.m.c.i.embedder.EclipseLogger - Copying 1 resource
2023-08-29 16:55:57,034 [Worker-34: Building] INFO  o.e.m.c.i.embedder.EclipseLogger - Copying 1778 resources
2023-08-29 16:55:57,105 [Worker-34: Building] INFO  o.e.m.c.i.embedder.EclipseLogger - Using 'UTF-8' encoding to copy filtered resources.
2023-08-29 16:55:57,106 [Worker-34: Building] INFO  o.e.m.c.i.embedder.EclipseLogger - skip non existing resourceDirectory D:\Proyectos\espacios\espacios\src\test\resources
2023-08-29 16:57:41,480 [Worker-37: Building] INFO  o.e.m.c.i.embedder.EclipseLogger - Using 'UTF-8' encoding to copy filtered resources.
2023-08-29 16:57:41,518 [Worker-37: Building] INFO  o.e.m.c.i.embedder.EclipseLogger - Copying 1 resource
2023-08-29 16:57:41,558 [Worker-37: Building] INFO  o.e.m.c.i.embedder.EclipseLogger - Copying 1778 resources
2023-08-29 16:57:41,632 [Worker-37: Building] INFO  o.e.m.c.i.embedder.EclipseLogger - Using 'UTF-8' encoding to copy filtered resources.
2023-08-29 16:57:41,632 [Worker-37: Building] INFO  o.e.m.c.i.embedder.EclipseLogger - skip non existing resourceDirectory D:\Proyectos\espacios\espacios\src\test\resources
2023-08-29 16:58:10,015 [Worker-30: Building] INFO  o.e.m.c.i.embedder.EclipseLogger - Using 'UTF-8' encoding to copy filtered resources.
2023-08-29 16:58:10,015 [Worker-30: Building] INFO  o.e.m.c.i.embedder.EclipseLogger - Copying 0 resource
2023-08-29 16:58:10,015 [Worker-30: Building] INFO  o.e.m.c.i.embedder.EclipseLogger - Copying 1 resource
2023-08-29 16:58:10,018 [Worker-30: Building] INFO  o.e.m.c.i.embedder.EclipseLogger - Using 'UTF-8' encoding to copy filtered resources.
2023-08-29 16:58:10,018 [Worker-30: Building] INFO  o.e.m.c.i.embedder.EclipseLogger - skip non existing resourceDirectory D:\Proyectos\espacios\espacios\src\test\resources
2023-08-29 16:58:17,070 [Worker-23: Building] INFO  o.e.m.c.i.embedder.EclipseLogger - Using 'UTF-8' encoding to copy filtered resources.
2023-08-29 16:58:17,071 [Worker-23: Building] INFO  o.e.m.c.i.embedder.EclipseLogger - Copying 0 resource
2023-08-29 16:58:17,071 [Worker-23: Building] INFO  o.e.m.c.i.embedder.EclipseLogger - Copying 1 resource
2023-08-29 16:58:17,073 [Worker-23: Building] INFO  o.e.m.c.i.embedder.EclipseLogger - Using 'UTF-8' encoding to copy filtered resources.
2023-08-29 16:58:17,073 [Worker-23: Building] INFO  o.e.m.c.i.embedder.EclipseLogger - skip non existing resourceDirectory D:\Proyectos\espacios\espacios\src\test\resources
2023-08-29 16:58:34,315 [Worker-30: Building] INFO  o.e.m.c.i.embedder.EclipseLogger - Using 'UTF-8' encoding to copy filtered resources.
2023-08-29 16:58:34,315 [Worker-30: Building] INFO  o.e.m.c.i.embedder.EclipseLogger - Copying 0 resource
2023-08-29 16:58:34,315 [Worker-30: Building] INFO  o.e.m.c.i.embedder.EclipseLogger - Copying 1 resource
2023-08-29 16:58:34,318 [Worker-30: Building] INFO  o.e.m.c.i.embedder.EclipseLogger - Using 'UTF-8' encoding to copy filtered resources.
2023-08-29 16:58:34,318 [Worker-30: Building] INFO  o.e.m.c.i.embedder.EclipseLogger - skip non existing resourceDirectory D:\Proyectos\espacios\espacios\src\test\resources
2023-08-29 16:58:44,035 [Worker-23: Building] INFO  o.e.m.c.i.embedder.EclipseLogger - Using 'UTF-8' encoding to copy filtered resources.
2023-08-29 16:58:44,035 [Worker-23: Building] INFO  o.e.m.c.i.embedder.EclipseLogger - Copying 0 resource
2023-08-29 16:58:44,035 [Worker-23: Building] INFO  o.e.m.c.i.embedder.EclipseLogger - Copying 1 resource
2023-08-29 16:58:44,038 [Worker-23: Building] INFO  o.e.m.c.i.embedder.EclipseLogger - Using 'UTF-8' encoding to copy filtered resources.
2023-08-29 16:58:44,038 [Worker-23: Building] INFO  o.e.m.c.i.embedder.EclipseLogger - skip non existing resourceDirectory D:\Proyectos\espacios\espacios\src\test\resources
2023-08-29 16:58:59,443 [Worker-36: Building] INFO  o.e.m.c.i.embedder.EclipseLogger - Using 'UTF-8' encoding to copy filtered resources.
2023-08-29 16:58:59,443 [Worker-36: Building] INFO  o.e.m.c.i.embedder.EclipseLogger - Copying 0 resource
2023-08-29 16:58:59,443 [Worker-36: Building] INFO  o.e.m.c.i.embedder.EclipseLogger - Copying 1 resource
2023-08-29 16:58:59,446 [Worker-36: Building] INFO  o.e.m.c.i.embedder.EclipseLogger - Using 'UTF-8' encoding to copy filtered resources.
2023-08-29 16:58:59,446 [Worker-36: Building] INFO  o.e.m.c.i.embedder.EclipseLogger - skip non existing resourceDirectory D:\Proyectos\espacios\espacios\src\test\resources
2023-08-29 17:10:45,358 [Worker-38: Building] INFO  o.e.m.c.i.embedder.EclipseLogger - Using 'UTF-8' encoding to copy filtered resources.
2023-08-29 17:10:45,359 [Worker-38: Building] INFO  o.e.m.c.i.embedder.EclipseLogger - Copying 0 resource
2023-08-29 17:10:45,360 [Worker-38: Building] INFO  o.e.m.c.i.embedder.EclipseLogger - Copying 1 resource
2023-08-29 17:10:45,365 [Worker-38: Building] INFO  o.e.m.c.i.embedder.EclipseLogger - Using 'UTF-8' encoding to copy filtered resources.
2023-08-29 17:10:45,367 [Worker-38: Building] INFO  o.e.m.c.i.embedder.EclipseLogger - skip non existing resourceDirectory D:\Proyectos\espacios\espacios\src\test\resources
2023-08-29 17:11:17,323 [Worker-37: Building] INFO  o.e.m.c.i.embedder.EclipseLogger - Using 'UTF-8' encoding to copy filtered resources.
2023-08-29 17:11:17,323 [Worker-37: Building] INFO  o.e.m.c.i.embedder.EclipseLogger - Copying 0 resource
2023-08-29 17:11:17,324 [Worker-37: Building] INFO  o.e.m.c.i.embedder.EclipseLogger - Copying 1 resource
2023-08-29 17:11:17,328 [Worker-37: Building] INFO  o.e.m.c.i.embedder.EclipseLogger - Using 'UTF-8' encoding to copy filtered resources.
2023-08-29 17:11:17,328 [Worker-37: Building] INFO  o.e.m.c.i.embedder.EclipseLogger - skip non existing resourceDirectory D:\Proyectos\espacios\espacios\src\test\resources
2023-08-29 17:12:28,447 [Worker-38: Building] INFO  o.e.m.c.i.embedder.EclipseLogger - Using 'UTF-8' encoding to copy filtered resources.
2023-08-29 17:12:28,447 [Worker-38: Building] INFO  o.e.m.c.i.embedder.EclipseLogger - Copying 0 resource
2023-08-29 17:12:28,449 [Worker-38: Building] INFO  o.e.m.c.i.embedder.EclipseLogger - Copying 1 resource
2023-08-29 17:12:28,454 [Worker-38: Building] INFO  o.e.m.c.i.embedder.EclipseLogger - Using 'UTF-8' encoding to copy filtered resources.
2023-08-29 17:12:28,454 [Worker-38: Building] INFO  o.e.m.c.i.embedder.EclipseLogger - skip non existing resourceDirectory D:\Proyectos\espacios\espacios\src\test\resources
2023-08-29 17:15:47,149 [Worker-40: Building] INFO  o.e.m.c.i.embedder.EclipseLogger - Using 'UTF-8' encoding to copy filtered resources.
2023-08-29 17:15:47,150 [Worker-40: Building] INFO  o.e.m.c.i.embedder.EclipseLogger - Copying 0 resource
2023-08-29 17:15:47,151 [Worker-40: Building] INFO  o.e.m.c.i.embedder.EclipseLogger - Copying 1 resource
2023-08-29 17:15:47,155 [Worker-40: Building] INFO  o.e.m.c.i.embedder.EclipseLogger - Using 'UTF-8' encoding to copy filtered resources.
2023-08-29 17:15:47,155 [Worker-40: Building] INFO  o.e.m.c.i.embedder.EclipseLogger - skip non existing resourceDirectory D:\Proyectos\espacios\espacios\src\test\resources
2023-08-29 17:16:00,234 [Worker-38: Building] INFO  o.e.m.c.i.embedder.EclipseLogger - Using 'UTF-8' encoding to copy filtered resources.
2023-08-29 17:16:00,235 [Worker-38: Building] INFO  o.e.m.c.i.embedder.EclipseLogger - Copying 0 resource
2023-08-29 17:16:00,235 [Worker-38: Building] INFO  o.e.m.c.i.embedder.EclipseLogger - Copying 1 resource
2023-08-29 17:16:00,240 [Worker-38: Building] INFO  o.e.m.c.i.embedder.EclipseLogger - Using 'UTF-8' encoding to copy filtered resources.
2023-08-29 17:16:00,240 [Worker-38: Building] INFO  o.e.m.c.i.embedder.EclipseLogger - skip non existing resourceDirectory D:\Proyectos\espacios\espacios\src\test\resources
2023-08-29 17:29:06,632 [Worker-38: Building] INFO  o.e.m.c.i.embedder.EclipseLogger - Using 'UTF-8' encoding to copy filtered resources.
2023-08-29 17:29:06,751 [Worker-38: Building] INFO  o.e.m.c.i.embedder.EclipseLogger - Copying 1 resource
2023-08-29 17:29:06,826 [Worker-38: Building] INFO  o.e.m.c.i.embedder.EclipseLogger - Copying 1778 resources
2023-08-29 17:29:06,964 [Worker-38: Building] INFO  o.e.m.c.i.embedder.EclipseLogger - Using 'UTF-8' encoding to copy filtered resources.
2023-08-29 17:29:06,965 [Worker-38: Building] INFO  o.e.m.c.i.embedder.EclipseLogger - skip non existing resourceDirectory D:\Proyectos\espacios\espacios\src\test\resources
2023-08-29 17:31:16,832 [Worker-38: Building] INFO  o.e.m.c.i.embedder.EclipseLogger - Using 'UTF-8' encoding to copy filtered resources.
2023-08-29 17:31:16,876 [Worker-38: Building] INFO  o.e.m.c.i.embedder.EclipseLogger - Copying 1 resource
2023-08-29 17:31:16,915 [Worker-38: Building] INFO  o.e.m.c.i.embedder.EclipseLogger - Copying 1778 resources
2023-08-29 17:31:17,050 [Worker-38: Building] INFO  o.e.m.c.i.embedder.EclipseLogger - Using 'UTF-8' encoding to copy filtered resources.
2023-08-29 17:31:17,050 [Worker-38: Building] INFO  o.e.m.c.i.embedder.EclipseLogger - skip non existing resourceDirectory D:\Proyectos\espacios\espacios\src\test\resources
2023-08-29 17:32:21,168 [Worker-44: Building] INFO  o.e.m.c.i.embedder.EclipseLogger - Using 'UTF-8' encoding to copy filtered resources.
2023-08-29 17:32:21,238 [Worker-44: Building] INFO  o.e.m.c.i.embedder.EclipseLogger - Copying 1 resource
2023-08-29 17:32:21,303 [Worker-44: Building] INFO  o.e.m.c.i.embedder.EclipseLogger - Copying 1778 resources
2023-08-29 17:32:21,452 [Worker-44: Building] INFO  o.e.m.c.i.embedder.EclipseLogger - Using 'UTF-8' encoding to copy filtered resources.
2023-08-29 17:32:21,452 [Worker-44: Building] INFO  o.e.m.c.i.embedder.EclipseLogger - skip non existing resourceDirectory D:\Proyectos\espacios\espacios\src\test\resources
2023-08-29 17:39:02,592 [Worker-38: Building] INFO  o.e.m.c.i.embedder.EclipseLogger - Using 'UTF-8' encoding to copy filtered resources.
2023-08-29 17:39:02,672 [Worker-38: Building] INFO  o.e.m.c.i.embedder.EclipseLogger - Copying 1 resource
2023-08-29 17:39:02,746 [Worker-38: Building] INFO  o.e.m.c.i.embedder.EclipseLogger - Copying 1778 resources
2023-08-29 17:39:02,881 [Worker-38: Building] INFO  o.e.m.c.i.embedder.EclipseLogger - Using 'UTF-8' encoding to copy filtered resources.
2023-08-29 17:39:02,881 [Worker-38: Building] INFO  o.e.m.c.i.embedder.EclipseLogger - skip non existing resourceDirectory D:\Proyectos\espacios\espacios\src\test\resources
2023-08-29 17:40:23,161 [Worker-48: Building] INFO  o.e.m.c.i.embedder.EclipseLogger - Using 'UTF-8' encoding to copy filtered resources.
2023-08-29 17:40:23,229 [Worker-48: Building] INFO  o.e.m.c.i.embedder.EclipseLogger - Copying 1 resource
2023-08-29 17:40:24,856 [Worker-48: Building] INFO  o.e.m.c.i.embedder.EclipseLogger - Copying 1778 resources
2023-08-29 17:40:25,007 [Worker-48: Building] INFO  o.e.m.c.i.embedder.EclipseLogger - Using 'UTF-8' encoding to copy filtered resources.
2023-08-29 17:40:25,007 [Worker-48: Building] INFO  o.e.m.c.i.embedder.EclipseLogger - skip non existing resourceDirectory D:\Proyectos\espacios\espacios\src\test\resources
2023-08-29 17:48:38,829 [Worker-51: Building] INFO  o.e.m.c.i.embedder.EclipseLogger - Using 'UTF-8' encoding to copy filtered resources.
2023-08-29 17:48:38,829 [Worker-51: Building] INFO  o.e.m.c.i.embedder.EclipseLogger - Copying 0 resource
2023-08-29 17:48:38,829 [Worker-51: Building] INFO  o.e.m.c.i.embedder.EclipseLogger - Copying 1 resource
2023-08-29 17:48:40,394 [Worker-51: Building] INFO  o.e.m.c.i.embedder.EclipseLogger - Using 'UTF-8' encoding to copy filtered resources.
2023-08-29 17:48:40,394 [Worker-51: Building] INFO  o.e.m.c.i.embedder.EclipseLogger - skip non existing resourceDirectory D:\Proyectos\espacios\espacios\src\test\resources
2023-08-29 17:50:53,903 [Worker-53: Building] INFO  o.e.m.c.i.embedder.EclipseLogger - Using 'UTF-8' encoding to copy filtered resources.
2023-08-29 17:50:53,957 [Worker-53: Building] INFO  o.e.m.c.i.embedder.EclipseLogger - Copying 1 resource
2023-08-29 17:50:54,041 [Worker-53: Building] INFO  o.e.m.c.i.embedder.EclipseLogger - Copying 1778 resources
2023-08-29 17:50:54,192 [Worker-53: Building] INFO  o.e.m.c.i.embedder.EclipseLogger - Using 'UTF-8' encoding to copy filtered resources.
2023-08-29 17:50:54,192 [Worker-53: Building] INFO  o.e.m.c.i.embedder.EclipseLogger - skip non existing resourceDirectory D:\Proyectos\espacios\espacios\src\test\resources
2023-08-29 17:53:25,673 [Worker-53: Building] INFO  o.e.m.c.i.embedder.EclipseLogger - Using 'UTF-8' encoding to copy filtered resources.
2023-08-29 17:53:25,726 [Worker-53: Building] INFO  o.e.m.c.i.embedder.EclipseLogger - Copying 1 resource
2023-08-29 17:53:25,779 [Worker-53: Building] INFO  o.e.m.c.i.embedder.EclipseLogger - Copying 1778 resources
2023-08-29 17:53:25,928 [Worker-53: Building] INFO  o.e.m.c.i.embedder.EclipseLogger - Using 'UTF-8' encoding to copy filtered resources.
2023-08-29 17:53:25,928 [Worker-53: Building] INFO  o.e.m.c.i.embedder.EclipseLogger - skip non existing resourceDirectory D:\Proyectos\espacios\espacios\src\test\resources
2023-08-29 17:53:38,336 [Worker-50: Building] INFO  o.e.m.c.i.embedder.EclipseLogger - Using 'UTF-8' encoding to copy filtered resources.
2023-08-29 17:53:38,404 [Worker-50: Building] INFO  o.e.m.c.i.embedder.EclipseLogger - Copying 1 resource
2023-08-29 17:53:38,482 [Worker-50: Building] INFO  o.e.m.c.i.embedder.EclipseLogger - Copying 1778 resources
2023-08-29 17:53:38,656 [Worker-50: Building] INFO  o.e.m.c.i.embedder.EclipseLogger - Using 'UTF-8' encoding to copy filtered resources.
2023-08-29 17:53:38,656 [Worker-50: Building] INFO  o.e.m.c.i.embedder.EclipseLogger - skip non existing resourceDirectory D:\Proyectos\espacios\espacios\src\test\resources
2023-08-29 17:54:00,429 [Worker-54: Building] INFO  o.e.m.c.i.embedder.EclipseLogger - Using 'UTF-8' encoding to copy filtered resources.
2023-08-29 17:54:00,498 [Worker-54: Building] INFO  o.e.m.c.i.embedder.EclipseLogger - Copying 1 resource
2023-08-29 17:54:00,576 [Worker-54: Building] INFO  o.e.m.c.i.embedder.EclipseLogger - Copying 1778 resources
2023-08-29 17:54:00,779 [Worker-54: Building] INFO  o.e.m.c.i.embedder.EclipseLogger - Using 'UTF-8' encoding to copy filtered resources.
2023-08-29 17:54:00,779 [Worker-54: Building] INFO  o.e.m.c.i.embedder.EclipseLogger - skip non existing resourceDirectory D:\Proyectos\espacios\espacios\src\test\resources
2023-08-29 17:54:18,357 [Worker-54: Building] INFO  o.e.m.c.i.embedder.EclipseLogger - Using 'UTF-8' encoding to copy filtered resources.
2023-08-29 17:54:18,357 [Worker-54: Building] INFO  o.e.m.c.i.embedder.EclipseLogger - Copying 0 resource
2023-08-29 17:54:18,358 [Worker-54: Building] INFO  o.e.m.c.i.embedder.EclipseLogger - Copying 1 resource
2023-08-29 17:54:18,362 [Worker-54: Building] INFO  o.e.m.c.i.embedder.EclipseLogger - Using 'UTF-8' encoding to copy filtered resources.
2023-08-29 17:54:18,362 [Worker-54: Building] INFO  o.e.m.c.i.embedder.EclipseLogger - skip non existing resourceDirectory D:\Proyectos\espacios\espacios\src\test\resources
2023-08-29 17:57:36,551 [Worker-60: Building] INFO  o.e.m.c.i.embedder.EclipseLogger - Using 'UTF-8' encoding to copy filtered resources.
2023-08-29 17:57:36,614 [Worker-60: Building] INFO  o.e.m.c.i.embedder.EclipseLogger - Copying 1 resource
2023-08-29 17:57:36,680 [Worker-60: Building] INFO  o.e.m.c.i.embedder.EclipseLogger - Copying 1778 resources
2023-08-29 17:57:36,851 [Worker-60: Building] INFO  o.e.m.c.i.embedder.EclipseLogger - Using 'UTF-8' encoding to copy filtered resources.
2023-08-29 17:57:36,851 [Worker-60: Building] INFO  o.e.m.c.i.embedder.EclipseLogger - skip non existing resourceDirectory D:\Proyectos\espacios\espacios\src\test\resources
2023-08-29 18:00:27,587 [Worker-61: Building] INFO  o.e.m.c.i.embedder.EclipseLogger - Using 'UTF-8' encoding to copy filtered resources.
2023-08-29 18:00:27,653 [Worker-61: Building] INFO  o.e.m.c.i.embedder.EclipseLogger - Copying 1 resource
2023-08-29 18:00:27,735 [Worker-61: Building] INFO  o.e.m.c.i.embedder.EclipseLogger - Copying 1778 resources
2023-08-29 18:00:27,909 [Worker-61: Building] INFO  o.e.m.c.i.embedder.EclipseLogger - Using 'UTF-8' encoding to copy filtered resources.
2023-08-29 18:00:27,909 [Worker-61: Building] INFO  o.e.m.c.i.embedder.EclipseLogger - skip non existing resourceDirectory D:\Proyectos\espacios\espacios\src\test\resources
2023-08-29 18:00:53,552 [Worker-61: Building] INFO  o.e.m.c.i.embedder.EclipseLogger - Using 'UTF-8' encoding to copy filtered resources.
2023-08-29 18:00:53,633 [Worker-61: Building] INFO  o.e.m.c.i.embedder.EclipseLogger - Copying 1 resource
2023-08-29 18:00:53,758 [Worker-61: Building] INFO  o.e.m.c.i.embedder.EclipseLogger - Copying 1778 resources
2023-08-29 18:00:53,925 [Worker-61: Building] INFO  o.e.m.c.i.embedder.EclipseLogger - Using 'UTF-8' encoding to copy filtered resources.
2023-08-29 18:00:53,926 [Worker-61: Building] INFO  o.e.m.c.i.embedder.EclipseLogger - skip non existing resourceDirectory D:\Proyectos\espacios\espacios\src\test\resources
2023-08-29 18:07:03,837 [Worker-65: Building] INFO  o.e.m.c.i.embedder.EclipseLogger - Using 'UTF-8' encoding to copy filtered resources.
2023-08-29 18:07:03,904 [Worker-65: Building] INFO  o.e.m.c.i.embedder.EclipseLogger - Copying 1 resource
2023-08-29 18:07:03,968 [Worker-65: Building] INFO  o.e.m.c.i.embedder.EclipseLogger - Copying 1778 resources
2023-08-29 18:07:04,066 [Worker-65: Building] INFO  o.e.m.c.i.embedder.EclipseLogger - Using 'UTF-8' encoding to copy filtered resources.
2023-08-29 18:07:04,066 [Worker-65: Building] INFO  o.e.m.c.i.embedder.EclipseLogger - skip non existing resourceDirectory D:\Proyectos\espacios\espacios\src\test\resources
2023-08-29 18:07:41,365 [Worker-66: Building] INFO  o.e.m.c.i.embedder.EclipseLogger - Using 'UTF-8' encoding to copy filtered resources.
2023-08-29 18:07:41,423 [Worker-66: Building] INFO  o.e.m.c.i.embedder.EclipseLogger - Copying 1 resource
2023-08-29 18:07:41,491 [Worker-66: Building] INFO  o.e.m.c.i.embedder.EclipseLogger - Copying 1778 resources
2023-08-29 18:07:41,661 [Worker-66: Building] INFO  o.e.m.c.i.embedder.EclipseLogger - Using 'UTF-8' encoding to copy filtered resources.
2023-08-29 18:07:41,662 [Worker-66: Building] INFO  o.e.m.c.i.embedder.EclipseLogger - skip non existing resourceDirectory D:\Proyectos\espacios\espacios\src\test\resources
2023-08-29 18:08:04,478 [Worker-64: Building] INFO  o.e.m.c.i.embedder.EclipseLogger - Using 'UTF-8' encoding to copy filtered resources.
2023-08-29 18:08:04,534 [Worker-64: Building] INFO  o.e.m.c.i.embedder.EclipseLogger - Copying 1 resource
2023-08-29 18:08:04,596 [Worker-64: Building] INFO  o.e.m.c.i.embedder.EclipseLogger - Copying 1778 resources
2023-08-29 18:08:04,792 [Worker-64: Building] INFO  o.e.m.c.i.embedder.EclipseLogger - Using 'UTF-8' encoding to copy filtered resources.
2023-08-29 18:08:04,793 [Worker-64: Building] INFO  o.e.m.c.i.embedder.EclipseLogger - skip non existing resourceDirectory D:\Proyectos\espacios\espacios\src\test\resources
2023-08-29 18:08:39,448 [Worker-60: Building] INFO  o.e.m.c.i.embedder.EclipseLogger - Using 'UTF-8' encoding to copy filtered resources.
2023-08-29 18:08:39,511 [Worker-60: Building] INFO  o.e.m.c.i.embedder.EclipseLogger - Copying 1 resource
2023-08-29 18:08:39,581 [Worker-60: Building] INFO  o.e.m.c.i.embedder.EclipseLogger - Copying 1778 resources
2023-08-29 18:08:39,736 [Worker-60: Building] INFO  o.e.m.c.i.embedder.EclipseLogger - Using 'UTF-8' encoding to copy filtered resources.
2023-08-29 18:08:39,736 [Worker-60: Building] INFO  o.e.m.c.i.embedder.EclipseLogger - skip non existing resourceDirectory D:\Proyectos\espacios\espacios\src\test\resources
2023-08-29 18:09:10,496 [Worker-66: Building] INFO  o.e.m.c.i.embedder.EclipseLogger - Using 'UTF-8' encoding to copy filtered resources.
2023-08-29 18:09:10,550 [Worker-66: Building] INFO  o.e.m.c.i.embedder.EclipseLogger - Copying 1 resource
2023-08-29 18:09:10,605 [Worker-66: Building] INFO  o.e.m.c.i.embedder.EclipseLogger - Copying 1778 resources
2023-08-29 18:09:10,793 [Worker-66: Building] INFO  o.e.m.c.i.embedder.EclipseLogger - Using 'UTF-8' encoding to copy filtered resources.
2023-08-29 18:09:10,793 [Worker-66: Building] INFO  o.e.m.c.i.embedder.EclipseLogger - skip non existing resourceDirectory D:\Proyectos\espacios\espacios\src\test\resources
2023-08-29 18:17:18,683 [Worker-67: Building] INFO  o.e.m.c.i.embedder.EclipseLogger - Using 'UTF-8' encoding to copy filtered resources.
2023-08-29 18:17:18,719 [Worker-67: Building] INFO  o.e.m.c.i.embedder.EclipseLogger - Copying 1 resource
2023-08-29 18:17:18,750 [Worker-67: Building] INFO  o.e.m.c.i.embedder.EclipseLogger - Copying 1778 resources
2023-08-29 18:17:18,816 [Worker-67: Building] INFO  o.e.m.c.i.embedder.EclipseLogger - Using 'UTF-8' encoding to copy filtered resources.
2023-08-29 18:17:18,816 [Worker-67: Building] INFO  o.e.m.c.i.embedder.EclipseLogger - skip non existing resourceDirectory D:\Proyectos\espacios\espacios\src\test\resources
2023-08-29 18:20:00,923 [Worker-71: Building] INFO  o.e.m.c.i.embedder.EclipseLogger - Using 'UTF-8' encoding to copy filtered resources.
2023-08-29 18:20:00,952 [Worker-71: Building] INFO  o.e.m.c.i.embedder.EclipseLogger - Copying 1 resource
2023-08-29 18:20:00,984 [Worker-71: Building] INFO  o.e.m.c.i.embedder.EclipseLogger - Copying 1778 resources
2023-08-29 18:20:01,096 [Worker-71: Building] INFO  o.e.m.c.i.embedder.EclipseLogger - Using 'UTF-8' encoding to copy filtered resources.
2023-08-29 18:20:01,096 [Worker-71: Building] INFO  o.e.m.c.i.embedder.EclipseLogger - skip non existing resourceDirectory D:\Proyectos\espacios\espacios\src\test\resources
2023-08-29 18:20:34,844 [Worker-71: Building] INFO  o.e.m.c.i.embedder.EclipseLogger - Using 'UTF-8' encoding to copy filtered resources.
2023-08-29 18:20:34,845 [Worker-71: Building] INFO  o.e.m.c.i.embedder.EclipseLogger - Copying 0 resource
2023-08-29 18:20:34,845 [Worker-71: Building] INFO  o.e.m.c.i.embedder.EclipseLogger - Copying 1 resource
2023-08-29 18:20:34,847 [Worker-71: Building] INFO  o.e.m.c.i.embedder.EclipseLogger - Using 'UTF-8' encoding to copy filtered resources.
2023-08-29 18:20:34,847 [Worker-71: Building] INFO  o.e.m.c.i.embedder.EclipseLogger - skip non existing resourceDirectory D:\Proyectos\espacios\espacios\src\test\resources
2023-08-29 18:21:17,352 [Worker-70: Building] INFO  o.e.m.c.i.embedder.EclipseLogger - Using 'UTF-8' encoding to copy filtered resources.
2023-08-29 18:21:17,383 [Worker-70: Building] INFO  o.e.m.c.i.embedder.EclipseLogger - Copying 1 resource
2023-08-29 18:21:17,425 [Worker-70: Building] INFO  o.e.m.c.i.embedder.EclipseLogger - Copying 1778 resources
2023-08-29 18:21:17,515 [Worker-70: Building] INFO  o.e.m.c.i.embedder.EclipseLogger - Using 'UTF-8' encoding to copy filtered resources.
2023-08-29 18:21:17,515 [Worker-70: Building] INFO  o.e.m.c.i.embedder.EclipseLogger - skip non existing resourceDirectory D:\Proyectos\espacios\espacios\src\test\resources
2023-08-29 18:21:40,661 [Worker-72: Building] INFO  o.e.m.c.i.embedder.EclipseLogger - Using 'UTF-8' encoding to copy filtered resources.
2023-08-29 18:21:40,697 [Worker-72: Building] INFO  o.e.m.c.i.embedder.EclipseLogger - Copying 1 resource
2023-08-29 18:21:40,753 [Worker-72: Building] INFO  o.e.m.c.i.embedder.EclipseLogger - Copying 1778 resources
2023-08-29 18:21:40,862 [Worker-72: Building] INFO  o.e.m.c.i.embedder.EclipseLogger - Using 'UTF-8' encoding to copy filtered resources.
2023-08-29 18:21:40,862 [Worker-72: Building] INFO  o.e.m.c.i.embedder.EclipseLogger - skip non existing resourceDirectory D:\Proyectos\espacios\espacios\src\test\resources
2023-08-29 18:21:45,676 [Worker-67: Building] INFO  o.e.m.c.i.embedder.EclipseLogger - Using 'UTF-8' encoding to copy filtered resources.
2023-08-29 18:21:45,698 [Worker-67: Building] INFO  o.e.m.c.i.embedder.EclipseLogger - Copying 1 resource
2023-08-29 18:21:45,725 [Worker-67: Building] INFO  o.e.m.c.i.embedder.EclipseLogger - Copying 1778 resources
2023-08-29 18:21:45,810 [Worker-67: Building] INFO  o.e.m.c.i.embedder.EclipseLogger - Using 'UTF-8' encoding to copy filtered resources.
2023-08-29 18:21:45,810 [Worker-67: Building] INFO  o.e.m.c.i.embedder.EclipseLogger - skip non existing resourceDirectory D:\Proyectos\espacios\espacios\src\test\resources
2023-08-29 18:22:33,092 [Worker-71: Building] INFO  o.e.m.c.i.embedder.EclipseLogger - Using 'UTF-8' encoding to copy filtered resources.
2023-08-29 18:22:33,128 [Worker-71: Building] INFO  o.e.m.c.i.embedder.EclipseLogger - Copying 1 resource
2023-08-29 18:22:33,166 [Worker-71: Building] INFO  o.e.m.c.i.embedder.EclipseLogger - Copying 1778 resources
2023-08-29 18:22:33,235 [Worker-71: Building] INFO  o.e.m.c.i.embedder.EclipseLogger - Using 'UTF-8' encoding to copy filtered resources.
2023-08-29 18:22:33,235 [Worker-71: Building] INFO  o.e.m.c.i.embedder.EclipseLogger - skip non existing resourceDirectory D:\Proyectos\espacios\espacios\src\test\resources
2023-08-29 18:24:13,076 [Worker-60: Building] INFO  o.e.m.c.i.embedder.EclipseLogger - Using 'UTF-8' encoding to copy filtered resources.
2023-08-29 18:24:13,076 [Worker-60: Building] INFO  o.e.m.c.i.embedder.EclipseLogger - Copying 0 resource
2023-08-29 18:24:13,076 [Worker-60: Building] INFO  o.e.m.c.i.embedder.EclipseLogger - Copying 1 resource
2023-08-29 18:24:13,078 [Worker-60: Building] INFO  o.e.m.c.i.embedder.EclipseLogger - Using 'UTF-8' encoding to copy filtered resources.
2023-08-29 18:24:13,078 [Worker-60: Building] INFO  o.e.m.c.i.embedder.EclipseLogger - skip non existing resourceDirectory D:\Proyectos\espacios\espacios\src\test\resources
2023-08-29 18:24:25,825 [Worker-71: Building] INFO  o.e.m.c.i.embedder.EclipseLogger - Using 'UTF-8' encoding to copy filtered resources.
2023-08-29 18:24:25,865 [Worker-71: Building] INFO  o.e.m.c.i.embedder.EclipseLogger - Copying 1 resource
2023-08-29 18:24:25,946 [Worker-71: Building] INFO  o.e.m.c.i.embedder.EclipseLogger - Copying 1778 resources
2023-08-29 18:24:26,037 [Worker-71: Building] INFO  o.e.m.c.i.embedder.EclipseLogger - Using 'UTF-8' encoding to copy filtered resources.
2023-08-29 18:24:26,037 [Worker-71: Building] INFO  o.e.m.c.i.embedder.EclipseLogger - skip non existing resourceDirectory D:\Proyectos\espacios\espacios\src\test\resources
2023-08-29 18:24:45,830 [Worker-67: Building] INFO  o.e.m.c.i.embedder.EclipseLogger - Using 'UTF-8' encoding to copy filtered resources.
2023-08-29 18:24:45,830 [Worker-67: Building] INFO  o.e.m.c.i.embedder.EclipseLogger - Copying 0 resource
2023-08-29 18:24:45,830 [Worker-67: Building] INFO  o.e.m.c.i.embedder.EclipseLogger - Copying 1 resource
2023-08-29 18:24:45,832 [Worker-67: Building] INFO  o.e.m.c.i.embedder.EclipseLogger - Using 'UTF-8' encoding to copy filtered resources.
2023-08-29 18:24:45,833 [Worker-67: Building] INFO  o.e.m.c.i.embedder.EclipseLogger - skip non existing resourceDirectory D:\Proyectos\espacios\espacios\src\test\resources
2023-08-29 18:26:55,741 [Worker-72: Building] INFO  o.e.m.c.i.embedder.EclipseLogger - Using 'UTF-8' encoding to copy filtered resources.
2023-08-29 18:26:55,741 [Worker-72: Building] INFO  o.e.m.c.i.embedder.EclipseLogger - Copying 0 resource
2023-08-29 18:26:55,741 [Worker-72: Building] INFO  o.e.m.c.i.embedder.EclipseLogger - Copying 1 resource
2023-08-29 18:26:55,744 [Worker-72: Building] INFO  o.e.m.c.i.embedder.EclipseLogger - Using 'UTF-8' encoding to copy filtered resources.
2023-08-29 18:26:55,744 [Worker-72: Building] INFO  o.e.m.c.i.embedder.EclipseLogger - skip non existing resourceDirectory D:\Proyectos\espacios\espacios\src\test\resources
